<?xml version="1.0" encoding="UTF-8" ?>
<testsuite tests="1" failures="0" name="com.diana.controller.DepartmentRESTControllerTest" time="0.007" errors="1" skipped="0">
  <properties>
[...]
</properties>
  <testcase classname="com.diana.controller.DepartmentRESTControllerTest" name="testAddExistingDep" time="0.007">
    <error message="Failed to load ApplicationContext" type="java.lang.IllegalStateException">java.lang.IllegalStateException: Failed to load ApplicationContext
	at java.naming/javax.naming.spi.NamingManager.getInitialContext(NamingManager.java:685)
	at java.naming/javax.naming.InitialContext.getDefaultInitCtx(InitialContext.java:305)
	at java.naming/javax.naming.InitialContext.getURLOrDefaultInitCtx(InitialContext.java:342)
	at java.naming/javax.naming.InitialContext.lookup(InitialContext.java:409)
	at com.diana.config.PersistenceConfig.sessionFactoryBean(PersistenceConfig.java:55)
	at com.diana.config.PersistenceConfig$$EnhancerBySpringCGLIB$$d7c8d59e.CGLIB$sessionFactoryBean$0(&lt;generated&gt;)
	at com.diana.config.PersistenceConfig$$EnhancerBySpringCGLIB$$d7c8d59e$$FastClassBySpringCGLIB$$7901a89d.invoke(&lt;generated&gt;)
	at org.springframework.cglib.proxy.MethodProxy.invokeSuper(MethodProxy.java:244)
	at org.springframework.context.annotation.ConfigurationClassEnhancer$BeanMethodInterceptor.intercept(ConfigurationClassEnhancer.java:363)
	at com.diana.config.PersistenceConfig$$EnhancerBySpringCGLIB$$d7c8d59e.sessionFactoryBean(&lt;generated&gt;)
	at java.base/jdk.internal.reflect.NativeMethodAccessorImpl.invoke0(Native Method)
	at java.base/jdk.internal.reflect.NativeMethodAccessorImpl.invoke(NativeMethodAccessorImpl.java:62)
	at java.base/jdk.internal.reflect.DelegatingMethodAccessorImpl.invoke(DelegatingMethodAccessorImpl.java:43)
	at java.base/java.lang.reflect.Method.invoke(Method.java:566)
	at org.springframework.beans.factory.support.SimpleInstantiationStrategy.instantiate(SimpleInstantiationStrategy.java:154)
	at org.springframework.beans.factory.support.ConstructorResolver.instantiate(ConstructorResolver.java:622)
	at org.springframework.beans.factory.support.ConstructorResolver.instantiateUsingFactoryMethod(ConstructorResolver.java:607)
	at org.springframework.beans.factory.support.AbstractAutowireCapableBeanFactory.instantiateUsingFactoryMethod(AbstractAutowireCapableBeanFactory.java:1321)
	at org.springframework.beans.factory.support.AbstractAutowireCapableBeanFactory.createBeanInstance(AbstractAutowireCapableBeanFactory.java:1160)
	at org.springframework.beans.factory.support.AbstractAutowireCapableBeanFactory.doCreateBean(AbstractAutowireCapableBeanFactory.java:555)
	at org.springframework.beans.factory.support.AbstractAutowireCapableBeanFactory.createBean(AbstractAutowireCapableBeanFactory.java:515)
	at org.springframework.beans.factory.support.AbstractBeanFactory.lambda$doGetBean$0(AbstractBeanFactory.java:320)
	at org.springframework.beans.factory.support.DefaultSingletonBeanRegistry.getSingleton(DefaultSingletonBeanRegistry.java:222)
	at org.springframework.beans.factory.support.AbstractBeanFactory.doGetBean(AbstractBeanFactory.java:318)
	at org.springframework.beans.factory.support.AbstractBeanFactory.getBean(AbstractBeanFactory.java:199)
	at org.springframework.orm.jpa.EntityManagerFactoryUtils.findEntityManagerFactory(EntityManagerFactoryUtils.java:108)
	at org.springframework.orm.jpa.support.PersistenceAnnotationBeanPostProcessor.findNamedEntityManagerFactory(PersistenceAnnotationBeanPostProcessor.java:560)
	at org.springframework.orm.jpa.support.PersistenceAnnotationBeanPostProcessor.findEntityManagerFactory(PersistenceAnnotationBeanPostProcessor.java:540)
	at org.springframework.orm.jpa.support.PersistenceAnnotationBeanPostProcessor$PersistenceElement.resolveEntityManager(PersistenceAnnotationBeanPostProcessor.java:711)
	at org.springframework.orm.jpa.support.PersistenceAnnotationBeanPostProcessor$PersistenceElement.getResourceToInject(PersistenceAnnotationBeanPostProcessor.java:684)
	at org.springframework.beans.factory.annotation.InjectionMetadata$InjectedElement.inject(InjectionMetadata.java:180)
	at org.springframework.beans.factory.annotation.InjectionMetadata.inject(InjectionMetadata.java:90)
	at org.springframework.orm.jpa.support.PersistenceAnnotationBeanPostProcessor.postProcessProperties(PersistenceAnnotationBeanPostProcessor.java:356)
	at org.springframework.beans.factory.support.AbstractAutowireCapableBeanFactory.populateBean(AbstractAutowireCapableBeanFactory.java:1411)
	at org.springframework.beans.factory.support.AbstractAutowireCapableBeanFactory.doCreateBean(AbstractAutowireCapableBeanFactory.java:592)
	at org.springframework.beans.factory.support.AbstractAutowireCapableBeanFactory.createBean(AbstractAutowireCapableBeanFactory.java:515)
	at org.springframework.beans.factory.support.AbstractBeanFactory.lambda$doGetBean$0(AbstractBeanFactory.java:320)
	at org.springframework.beans.factory.support.DefaultSingletonBeanRegistry.getSingleton(DefaultSingletonBeanRegistry.java:222)
	at org.springframework.beans.factory.support.AbstractBeanFactory.doGetBean(AbstractBeanFactory.java:318)
	at org.springframework.beans.factory.support.AbstractBeanFactory.getBean(AbstractBeanFactory.java:199)
	at org.springframework.beans.factory.support.DefaultListableBeanFactory.preInstantiateSingletons(DefaultListableBeanFactory.java:845)
	at org.springframework.context.support.AbstractApplicationContext.finishBeanFactoryInitialization(AbstractApplicationContext.java:877)
	at org.springframework.context.support.AbstractApplicationContext.refresh(AbstractApplicationContext.java:549)
	at org.springframework.test.context.web.AbstractGenericWebContextLoader.loadContext(AbstractGenericWebContextLoader.java:129)
	at org.springframework.test.context.web.AbstractGenericWebContextLoader.loadContext(AbstractGenericWebContextLoader.java:61)
	at org.springframework.test.context.support.AbstractDelegatingSmartContextLoader.delegateLoading(AbstractDelegatingSmartContextLoader.java:275)
	at org.springframework.test.context.support.AbstractDelegatingSmartContextLoader.loadContext(AbstractDelegatingSmartContextLoader.java:243)
	at org.springframework.test.context.cache.DefaultCacheAwareContextLoaderDelegate.loadContextInternal(DefaultCacheAwareContextLoaderDelegate.java:99)
	at org.springframework.test.context.cache.DefaultCacheAwareContextLoaderDelegate.loadContext(DefaultCacheAwareContextLoaderDelegate.java:117)
	at org.springframework.test.context.support.DefaultTestContext.getApplicationContext(DefaultTestContext.java:108)
	at org.springframework.test.context.web.ServletTestExecutionListener.setUpRequestContextIfNecessary(ServletTestExecutionListener.java:190)
	at org.springframework.test.context.web.ServletTestExecutionListener.prepareTestInstance(ServletTestExecutionListener.java:132)
	at org.springframework.test.context.TestContextManager.prepareTestInstance(TestContextManager.java:246)
	at org.springframework.test.context.junit4.SpringJUnit4ClassRunner.createTest(SpringJUnit4ClassRunner.java:227)
	at org.springframework.test.context.junit4.SpringJUnit4ClassRunner$1.runReflectiveCall(SpringJUnit4ClassRunner.java:289)
	at org.junit.internal.runners.model.ReflectiveCallable.run(ReflectiveCallable.java:12)
	at org.springframework.test.context.junit4.SpringJUnit4ClassRunner.methodBlock(SpringJUnit4ClassRunner.java:291)
	at org.springframework.test.context.junit4.SpringJUnit4ClassRunner.runChild(SpringJUnit4ClassRunner.java:246)
	at org.springframework.test.context.junit4.SpringJUnit4ClassRunner.runChild(SpringJUnit4ClassRunner.java:97)
	at org.junit.runners.ParentRunner$3.run(ParentRunner.java:290)
	at org.junit.runners.ParentRunner$1.schedule(ParentRunner.java:71)
	at org.junit.runners.ParentRunner.runChildren(ParentRunner.java:288)
	at org.junit.runners.ParentRunner.access$000(ParentRunner.java:58)
	at org.junit.runners.ParentRunner$2.evaluate(ParentRunner.java:268)
	at org.springframework.test.context.junit4.statements.RunBeforeTestClassCallbacks.evaluate(RunBeforeTestClassCallbacks.java:61)
	at org.springframework.test.context.junit4.statements.RunAfterTestClassCallbacks.evaluate(RunAfterTestClassCallbacks.java:70)
	at org.junit.runners.ParentRunner.run(ParentRunner.java:363)
	at org.springframework.test.context.junit4.SpringJUnit4ClassRunner.run(SpringJUnit4ClassRunner.java:190)
	at org.apache.maven.surefire.junit4.JUnit4Provider.execute(JUnit4Provider.java:264)
	at org.apache.maven.surefire.junit4.JUnit4Provider.executeTestSet(JUnit4Provider.java:153)
	at org.apache.maven.surefire.junit4.JUnit4Provider.invoke(JUnit4Provider.java:124)
	at java.base/jdk.internal.reflect.NativeMethodAccessorImpl.invoke0(Native Method)
	at java.base/jdk.internal.reflect.NativeMethodAccessorImpl.invoke(NativeMethodAccessorImpl.java:62)
	at java.base/jdk.internal.reflect.DelegatingMethodAccessorImpl.invoke(DelegatingMethodAccessorImpl.java:43)
	at java.base/java.lang.reflect.Method.invoke(Method.java:566)
	at org.apache.maven.surefire.util.ReflectionUtils.invokeMethodWithArray2(ReflectionUtils.java:208)
	at org.apache.maven.surefire.booter.ProviderFactory$ProviderProxy.invoke(ProviderFactory.java:158)
	at org.apache.maven.surefire.booter.ProviderFactory.invokeProvider(ProviderFactory.java:86)
	at org.apache.maven.surefire.booter.ForkedBooter.runSuitesInProcess(ForkedBooter.java:153)
	at org.apache.maven.surefire.booter.ForkedBooter.main(ForkedBooter.java:95)
</error>
    <system-out>16:14:27.077 [main] DEBUG org.springframework.test.context.junit4.SpringJUnit4ClassRunner - SpringJUnit4ClassRunner constructor called with [class com.diana.controller.DepartmentRESTControllerTest]
16:14:27.083 [main] DEBUG org.springframework.test.context.BootstrapUtils - Instantiating CacheAwareContextLoaderDelegate from class [org.springframework.test.context.cache.DefaultCacheAwareContextLoaderDelegate]
16:14:27.089 [main] DEBUG org.springframework.test.context.BootstrapUtils - Instantiating BootstrapContext using constructor [public org.springframework.test.context.support.DefaultBootstrapContext(java.lang.Class,org.springframework.test.context.CacheAwareContextLoaderDelegate)]
16:14:27.099 [main] DEBUG org.springframework.test.context.BootstrapUtils - Instantiating TestContextBootstrapper for test class [com.diana.controller.DepartmentRESTControllerTest] from class [org.springframework.test.context.web.WebTestContextBootstrapper]
16:14:27.117 [main] DEBUG org.springframework.test.context.support.AbstractDelegatingSmartContextLoader - Delegating to AnnotationConfigWebContextLoader to process context configuration [ContextConfigurationAttributes@51931956 declaringClass = &apos;com.diana.controller.DepartmentRESTControllerTest&apos;, classes = &apos;{class com.diana.config.ControllerTestConfig}&apos;, locations = &apos;{}&apos;, inheritLocations = true, initializers = &apos;{}&apos;, inheritInitializers = true, name = [null], contextLoaderClass = &apos;org.springframework.test.context.ContextLoader&apos;].
16:14:27.133 [main] DEBUG org.springframework.test.context.support.ActiveProfilesUtils - Could not find an &apos;annotation declaring class&apos; for annotation type [org.springframework.test.context.ActiveProfiles] and class [com.diana.controller.DepartmentRESTControllerTest]
16:14:27.134 [main] DEBUG org.springframework.test.context.web.WebTestContextBootstrapper - @TestExecutionListeners is not present for class [com.diana.controller.DepartmentRESTControllerTest]: using defaults.
16:14:27.134 [main] INFO org.springframework.test.context.web.WebTestContextBootstrapper - Loaded default TestExecutionListener class names from location [META-INF/spring.factories]: [org.springframework.test.context.web.ServletTestExecutionListener, org.springframework.test.context.support.DirtiesContextBeforeModesTestExecutionListener, org.springframework.test.context.support.DependencyInjectionTestExecutionListener, org.springframework.test.context.support.DirtiesContextTestExecutionListener, org.springframework.test.context.transaction.TransactionalTestExecutionListener, org.springframework.test.context.jdbc.SqlScriptsTestExecutionListener]
16:14:27.143 [main] INFO org.springframework.test.context.web.WebTestContextBootstrapper - Using TestExecutionListeners: [org.springframework.test.context.web.ServletTestExecutionListener@27c86f2d, org.springframework.test.context.support.DirtiesContextBeforeModesTestExecutionListener@197d671, org.springframework.test.context.support.DependencyInjectionTestExecutionListener@402e37bc, org.springframework.test.context.support.DirtiesContextTestExecutionListener@79ad8b2f, org.springframework.test.context.transaction.TransactionalTestExecutionListener@1df82230, org.springframework.test.context.jdbc.SqlScriptsTestExecutionListener@22635ba0]
16:14:27.147 [main] DEBUG org.springframework.test.annotation.ProfileValueUtils - Retrieved @ProfileValueSourceConfiguration [null] for test class [com.diana.controller.DepartmentRESTControllerTest]
16:14:27.148 [main] DEBUG org.springframework.test.annotation.ProfileValueUtils - Retrieved ProfileValueSource type [class org.springframework.test.annotation.SystemProfileValueSource] for class [com.diana.controller.DepartmentRESTControllerTest]
16:14:27.149 [main] DEBUG org.springframework.test.annotation.ProfileValueUtils - Retrieved @ProfileValueSourceConfiguration [null] for test class [com.diana.controller.DepartmentRESTControllerTest]
16:14:27.149 [main] DEBUG org.springframework.test.annotation.ProfileValueUtils - Retrieved ProfileValueSource type [class org.springframework.test.annotation.SystemProfileValueSource] for class [com.diana.controller.DepartmentRESTControllerTest]
16:14:27.153 [main] DEBUG org.springframework.test.context.support.AbstractDirtiesContextTestExecutionListener - Before test class: context [DefaultTestContext@ec756bd testClass = DepartmentRESTControllerTest, testInstance = [null], testMethod = [null], testException = [null], mergedContextConfiguration = [WebMergedContextConfiguration@3c72f59f testClass = DepartmentRESTControllerTest, locations = &apos;{}&apos;, classes = &apos;{class com.diana.config.ControllerTestConfig}&apos;, contextInitializerClasses = &apos;[]&apos;, activeProfiles = &apos;{}&apos;, propertySourceLocations = &apos;{}&apos;, propertySourceProperties = &apos;{}&apos;, contextCustomizers = set[[empty]], resourceBasePath = &apos;src/main/webapp&apos;, contextLoader = &apos;org.springframework.test.context.web.WebDelegatingSmartContextLoader&apos;, parent = [null]], attributes = map[[empty]]], class annotated with @DirtiesContext [false] with mode [null].
16:14:27.154 [main] DEBUG org.springframework.test.annotation.ProfileValueUtils - Retrieved @ProfileValueSourceConfiguration [null] for test class [com.diana.controller.DepartmentRESTControllerTest]
16:14:27.154 [main] DEBUG org.springframework.test.annotation.ProfileValueUtils - Retrieved ProfileValueSource type [class org.springframework.test.annotation.SystemProfileValueSource] for class [com.diana.controller.DepartmentRESTControllerTest]
16:14:27.157 [main] DEBUG org.springframework.test.context.support.AbstractDelegatingSmartContextLoader - Delegating to AnnotationConfigWebContextLoader to load context from [WebMergedContextConfiguration@3c72f59f testClass = DepartmentRESTControllerTest, locations = &apos;{}&apos;, classes = &apos;{class com.diana.config.ControllerTestConfig}&apos;, contextInitializerClasses = &apos;[]&apos;, activeProfiles = &apos;{}&apos;, propertySourceLocations = &apos;{}&apos;, propertySourceProperties = &apos;{}&apos;, contextCustomizers = set[[empty]], resourceBasePath = &apos;src/main/webapp&apos;, contextLoader = &apos;org.springframework.test.context.web.WebDelegatingSmartContextLoader&apos;, parent = [null]].
16:14:27.158 [main] DEBUG org.springframework.test.context.web.AbstractGenericWebContextLoader - Loading WebApplicationContext for merged context configuration [WebMergedContextConfiguration@3c72f59f testClass = DepartmentRESTControllerTest, locations = &apos;{}&apos;, classes = &apos;{class com.diana.config.ControllerTestConfig}&apos;, contextInitializerClasses = &apos;[]&apos;, activeProfiles = &apos;{}&apos;, propertySourceLocations = &apos;{}&apos;, propertySourceProperties = &apos;{}&apos;, contextCustomizers = set[[empty]], resourceBasePath = &apos;src/main/webapp&apos;, contextLoader = &apos;org.springframework.test.context.web.WebDelegatingSmartContextLoader&apos;, parent = [null]].
16:14:27.244 [main] DEBUG org.springframework.web.context.support.StandardServletEnvironment - Activating profiles []
16:14:27.244 [main] DEBUG org.springframework.test.context.web.AnnotationConfigWebContextLoader - Registering annotated classes: {class com.diana.config.ControllerTestConfig}
16:14:27.267 [main] DEBUG org.springframework.web.context.support.GenericWebApplicationContext - Refreshing org.springframework.web.context.support.GenericWebApplicationContext@7c0c77c7
16:14:27.281 [main] DEBUG org.springframework.beans.factory.support.DefaultListableBeanFactory - Creating shared instance of singleton bean &apos;org.springframework.context.annotation.internalConfigurationAnnotationProcessor&apos;
16:14:27.348 [main] DEBUG org.springframework.context.annotation.ClassPathBeanDefinitionScanner - Identified candidate component class: file [C:\Users\ishipitc\IdeaProjects\TestThang\target\test-classes\com\diana\config\ControllerTestConfig.class]
16:14:27.349 [main] DEBUG org.springframework.context.annotation.ClassPathBeanDefinitionScanner - Identified candidate component class: file [C:\Users\ishipitc\IdeaProjects\TestThang\target\test-classes\com\diana\config\DAOTestConfig.class]
16:14:27.350 [main] DEBUG org.springframework.context.annotation.ClassPathBeanDefinitionScanner - Identified candidate component class: file [C:\Users\ishipitc\IdeaProjects\TestThang\target\test-classes\com\diana\config\ServiceTestConfig.class]
16:14:27.363 [main] DEBUG org.springframework.context.annotation.ClassPathBeanDefinitionScanner - Identified candidate component class: file [C:\Users\ishipitc\IdeaProjects\TestThang\target\classes\com\diana\config\PersistenceConfig.class]
16:14:27.375 [main] DEBUG org.springframework.context.annotation.ClassPathBeanDefinitionScanner - Identified candidate component class: file [C:\Users\ishipitc\IdeaProjects\TestThang\target\classes\com\diana\controller\DepartmentController.class]
16:14:27.376 [main] DEBUG org.springframework.context.annotation.ClassPathBeanDefinitionScanner - Identified candidate component class: file [C:\Users\ishipitc\IdeaProjects\TestThang\target\classes\com\diana\controller\EmployeeController.class]
16:14:27.381 [main] DEBUG org.springframework.context.annotation.ClassPathBeanDefinitionScanner - Identified candidate component class: file [C:\Users\ishipitc\IdeaProjects\TestThang\target\classes\com\diana\controller\ErrorController.class]
16:14:27.384 [main] DEBUG org.springframework.context.annotation.ClassPathBeanDefinitionScanner - Identified candidate component class: file [C:\Users\ishipitc\IdeaProjects\TestThang\target\classes\com\diana\controller\MainController.class]
16:14:27.387 [main] DEBUG org.springframework.context.annotation.ClassPathBeanDefinitionScanner - Identified candidate component class: file [C:\Users\ishipitc\IdeaProjects\TestThang\target\classes\com\diana\dao\AddressDAOImpl.class]
16:14:27.390 [main] DEBUG org.springframework.context.annotation.ClassPathBeanDefinitionScanner - Identified candidate component class: file [C:\Users\ishipitc\IdeaProjects\TestThang\target\classes\com\diana\dao\DepartmentDAOImpl.class]
16:14:27.392 [main] DEBUG org.springframework.context.annotation.ClassPathBeanDefinitionScanner - Identified candidate component class: file [C:\Users\ishipitc\IdeaProjects\TestThang\target\classes\com\diana\dao\EmployeeDAOImpl.class]
16:14:27.419 [main] DEBUG org.springframework.context.annotation.ClassPathBeanDefinitionScanner - Identified candidate component class: file [C:\Users\ishipitc\IdeaProjects\TestThang\target\classes\com\diana\service\AddressServiceImpl.class]
16:14:27.420 [main] DEBUG org.springframework.context.annotation.ClassPathBeanDefinitionScanner - Identified candidate component class: file [C:\Users\ishipitc\IdeaProjects\TestThang\target\classes\com\diana\service\DepartmentServiceImpl.class]
16:14:27.420 [main] DEBUG org.springframework.context.annotation.ClassPathBeanDefinitionScanner - Identified candidate component class: file [C:\Users\ishipitc\IdeaProjects\TestThang\target\classes\com\diana\service\EmployeeServiceImpl.class]
16:14:27.422 [main] DEBUG org.springframework.context.annotation.ClassPathBeanDefinitionScanner - Identified candidate component class: file [C:\Users\ishipitc\IdeaProjects\TestThang\target\classes\com\diana\util\validator\DepartmentDTOValidator.class]
16:14:27.423 [main] DEBUG org.springframework.context.annotation.ClassPathBeanDefinitionScanner - Identified candidate component class: file [C:\Users\ishipitc\IdeaProjects\TestThang\target\classes\com\diana\util\validator\DepartmentValidator.class]
16:14:27.423 [main] DEBUG org.springframework.context.annotation.ClassPathBeanDefinitionScanner - Identified candidate component class: file [C:\Users\ishipitc\IdeaProjects\TestThang\target\classes\com\diana\util\validator\EmployeeDTOValidator.class]
16:14:27.444 [main] DEBUG org.springframework.context.annotation.ClassPathBeanDefinitionScanner - Identified candidate component class: file [C:\Users\ishipitc\IdeaProjects\TestThang\target\classes\com\diana\service\AddressServiceImpl.class]
16:14:27.445 [main] DEBUG org.springframework.context.annotation.ClassPathBeanDefinitionScanner - Identified candidate component class: file [C:\Users\ishipitc\IdeaProjects\TestThang\target\classes\com\diana\service\DepartmentServiceImpl.class]
16:14:27.446 [main] DEBUG org.springframework.context.annotation.ClassPathBeanDefinitionScanner - Identified candidate component class: file [C:\Users\ishipitc\IdeaProjects\TestThang\target\classes\com\diana\service\EmployeeServiceImpl.class]
16:14:27.455 [main] DEBUG org.springframework.context.annotation.ClassPathBeanDefinitionScanner - Identified candidate component class: file [C:\Users\ishipitc\IdeaProjects\TestThang\target\classes\com\diana\service\AddressServiceImpl.class]
16:14:27.455 [main] DEBUG org.springframework.context.annotation.ClassPathBeanDefinitionScanner - Identified candidate component class: file [C:\Users\ishipitc\IdeaProjects\TestThang\target\classes\com\diana\service\DepartmentServiceImpl.class]
16:14:27.455 [main] DEBUG org.springframework.context.annotation.ClassPathBeanDefinitionScanner - Identified candidate component class: file [C:\Users\ishipitc\IdeaProjects\TestThang\target\classes\com\diana\service\EmployeeServiceImpl.class]
16:14:27.465 [main] DEBUG org.springframework.context.annotation.ClassPathBeanDefinitionScanner - Identified candidate component class: file [C:\Users\ishipitc\IdeaProjects\TestThang\target\classes\com\diana\service\AddressServiceImpl.class]
16:14:27.465 [main] DEBUG org.springframework.context.annotation.ClassPathBeanDefinitionScanner - Identified candidate component class: file [C:\Users\ishipitc\IdeaProjects\TestThang\target\classes\com\diana\service\DepartmentServiceImpl.class]
16:14:27.465 [main] DEBUG org.springframework.context.annotation.ClassPathBeanDefinitionScanner - Identified candidate component class: file [C:\Users\ishipitc\IdeaProjects\TestThang\target\classes\com\diana\service\EmployeeServiceImpl.class]
16:14:27.472 [main] DEBUG org.springframework.context.annotation.ClassPathBeanDefinitionScanner - Identified candidate component class: file [C:\Users\ishipitc\IdeaProjects\TestThang\target\classes\com\diana\dao\AddressDAOImpl.class]
16:14:27.472 [main] DEBUG org.springframework.context.annotation.ClassPathBeanDefinitionScanner - Identified candidate component class: file [C:\Users\ishipitc\IdeaProjects\TestThang\target\classes\com\diana\dao\DepartmentDAOImpl.class]
16:14:27.472 [main] DEBUG org.springframework.context.annotation.ClassPathBeanDefinitionScanner - Identified candidate component class: file [C:\Users\ishipitc\IdeaProjects\TestThang\target\classes\com\diana\dao\EmployeeDAOImpl.class]
16:14:27.477 [main] DEBUG org.springframework.context.annotation.ClassPathBeanDefinitionScanner - Identified candidate component class: file [C:\Users\ishipitc\IdeaProjects\TestThang\target\classes\com\diana\dao\AddressDAOImpl.class]
16:14:27.477 [main] DEBUG org.springframework.context.annotation.ClassPathBeanDefinitionScanner - Identified candidate component class: file [C:\Users\ishipitc\IdeaProjects\TestThang\target\classes\com\diana\dao\DepartmentDAOImpl.class]
16:14:27.478 [main] DEBUG org.springframework.context.annotation.ClassPathBeanDefinitionScanner - Identified candidate component class: file [C:\Users\ishipitc\IdeaProjects\TestThang\target\classes\com\diana\dao\EmployeeDAOImpl.class]
16:14:27.481 [main] DEBUG org.springframework.context.annotation.ClassPathBeanDefinitionScanner - Identified candidate component class: file [C:\Users\ishipitc\IdeaProjects\TestThang\target\classes\com\diana\dao\AddressDAOImpl.class]
16:14:27.481 [main] DEBUG org.springframework.context.annotation.ClassPathBeanDefinitionScanner - Identified candidate component class: file [C:\Users\ishipitc\IdeaProjects\TestThang\target\classes\com\diana\dao\DepartmentDAOImpl.class]
16:14:27.481 [main] DEBUG org.springframework.context.annotation.ClassPathBeanDefinitionScanner - Identified candidate component class: file [C:\Users\ishipitc\IdeaProjects\TestThang\target\classes\com\diana\dao\EmployeeDAOImpl.class]
16:14:27.486 [main] DEBUG org.springframework.context.annotation.ClassPathBeanDefinitionScanner - Identified candidate component class: file [C:\Users\ishipitc\IdeaProjects\TestThang\target\classes\com\diana\service\AddressServiceImpl.class]
16:14:27.486 [main] DEBUG org.springframework.context.annotation.ClassPathBeanDefinitionScanner - Identified candidate component class: file [C:\Users\ishipitc\IdeaProjects\TestThang\target\classes\com\diana\service\DepartmentServiceImpl.class]
16:14:27.486 [main] DEBUG org.springframework.context.annotation.ClassPathBeanDefinitionScanner - Identified candidate component class: file [C:\Users\ishipitc\IdeaProjects\TestThang\target\classes\com\diana\service\EmployeeServiceImpl.class]
16:14:27.490 [main] DEBUG org.springframework.context.annotation.ClassPathBeanDefinitionScanner - Identified candidate component class: file [C:\Users\ishipitc\IdeaProjects\TestThang\target\classes\com\diana\service\AddressServiceImpl.class]
16:14:27.491 [main] DEBUG org.springframework.context.annotation.ClassPathBeanDefinitionScanner - Identified candidate component class: file [C:\Users\ishipitc\IdeaProjects\TestThang\target\classes\com\diana\service\DepartmentServiceImpl.class]
16:14:27.491 [main] DEBUG org.springframework.context.annotation.ClassPathBeanDefinitionScanner - Identified candidate component class: file [C:\Users\ishipitc\IdeaProjects\TestThang\target\classes\com\diana\service\EmployeeServiceImpl.class]
16:14:27.496 [main] DEBUG org.springframework.context.annotation.ClassPathBeanDefinitionScanner - Identified candidate component class: file [C:\Users\ishipitc\IdeaProjects\TestThang\target\classes\com\diana\service\AddressServiceImpl.class]
16:14:27.496 [main] DEBUG org.springframework.context.annotation.ClassPathBeanDefinitionScanner - Identified candidate component class: file [C:\Users\ishipitc\IdeaProjects\TestThang\target\classes\com\diana\service\DepartmentServiceImpl.class]
16:14:27.497 [main] DEBUG org.springframework.context.annotation.ClassPathBeanDefinitionScanner - Identified candidate component class: file [C:\Users\ishipitc\IdeaProjects\TestThang\target\classes\com\diana\service\EmployeeServiceImpl.class]
16:14:27.534 [main] DEBUG org.springframework.beans.factory.support.DefaultListableBeanFactory - Overriding bean definition for bean &apos;addressDAO&apos; with a different definition: replacing [Root bean: class [null]; scope=; abstract=false; lazyInit=false; autowireMode=3; dependencyCheck=0; autowireCandidate=true; primary=false; factoryBeanName=DAOTestConfig; factoryMethodName=addressDAO; initMethodName=null; destroyMethodName=(inferred); defined in class path resource [com/diana/config/DAOTestConfig.class]] with [Root bean: class [null]; scope=; abstract=false; lazyInit=false; autowireMode=3; dependencyCheck=0; autowireCandidate=true; primary=false; factoryBeanName=serviceTestConfig; factoryMethodName=addressDAO; initMethodName=null; destroyMethodName=(inferred); defined in class path resource [com/diana/config/ServiceTestConfig.class]]
16:14:27.535 [main] DEBUG org.springframework.beans.factory.support.DefaultListableBeanFactory - Overriding bean definition for bean &apos;employeeDAO&apos; with a different definition: replacing [Root bean: class [null]; scope=; abstract=false; lazyInit=false; autowireMode=3; dependencyCheck=0; autowireCandidate=true; primary=false; factoryBeanName=DAOTestConfig; factoryMethodName=employeeDAO; initMethodName=null; destroyMethodName=(inferred); defined in class path resource [com/diana/config/DAOTestConfig.class]] with [Root bean: class [null]; scope=; abstract=false; lazyInit=false; autowireMode=3; dependencyCheck=0; autowireCandidate=true; primary=false; factoryBeanName=serviceTestConfig; factoryMethodName=employeeDAO; initMethodName=null; destroyMethodName=(inferred); defined in class path resource [com/diana/config/ServiceTestConfig.class]]
16:14:27.535 [main] DEBUG org.springframework.beans.factory.support.DefaultListableBeanFactory - Overriding bean definition for bean &apos;departmentDAO&apos; with a different definition: replacing [Root bean: class [null]; scope=; abstract=false; lazyInit=false; autowireMode=3; dependencyCheck=0; autowireCandidate=true; primary=false; factoryBeanName=DAOTestConfig; factoryMethodName=departmentDAO; initMethodName=null; destroyMethodName=(inferred); defined in class path resource [com/diana/config/DAOTestConfig.class]] with [Root bean: class [null]; scope=; abstract=false; lazyInit=false; autowireMode=3; dependencyCheck=0; autowireCandidate=true; primary=false; factoryBeanName=serviceTestConfig; factoryMethodName=departmentDAO; initMethodName=null; destroyMethodName=(inferred); defined in class path resource [com/diana/config/ServiceTestConfig.class]]
16:14:27.535 [main] DEBUG org.springframework.beans.factory.support.DefaultListableBeanFactory - Overriding bean definition for bean &apos;dataSource&apos; with a different definition: replacing [Root bean: class [null]; scope=; abstract=false; lazyInit=false; autowireMode=3; dependencyCheck=0; autowireCandidate=true; primary=false; factoryBeanName=DAOTestConfig; factoryMethodName=dataSource; initMethodName=null; destroyMethodName=(inferred); defined in class path resource [com/diana/config/DAOTestConfig.class]] with [Root bean: class [null]; scope=; abstract=false; lazyInit=false; autowireMode=3; dependencyCheck=0; autowireCandidate=true; primary=false; factoryBeanName=persistenceConfig; factoryMethodName=dataSource; initMethodName=null; destroyMethodName=(inferred); defined in class path resource [com/diana/config/PersistenceConfig.class]]
16:14:27.536 [main] DEBUG org.springframework.beans.factory.support.DefaultListableBeanFactory - Overriding bean definition for bean &apos;sessionFactoryBean&apos; with a different definition: replacing [Root bean: class [null]; scope=; abstract=false; lazyInit=false; autowireMode=3; dependencyCheck=0; autowireCandidate=true; primary=false; factoryBeanName=DAOTestConfig; factoryMethodName=sessionFactoryBean; initMethodName=null; destroyMethodName=(inferred); defined in class path resource [com/diana/config/DAOTestConfig.class]] with [Root bean: class [null]; scope=; abstract=false; lazyInit=false; autowireMode=3; dependencyCheck=0; autowireCandidate=true; primary=false; factoryBeanName=persistenceConfig; factoryMethodName=sessionFactoryBean; initMethodName=null; destroyMethodName=(inferred); defined in class path resource [com/diana/config/PersistenceConfig.class]]
16:14:27.547 [main] DEBUG org.springframework.beans.factory.support.DefaultListableBeanFactory - Overriding bean definition for bean &apos;employeeService&apos; with a different definition: replacing [Root bean: class [null]; scope=; abstract=false; lazyInit=false; autowireMode=3; dependencyCheck=0; autowireCandidate=true; primary=false; factoryBeanName=serviceTestConfig; factoryMethodName=employeeService; initMethodName=null; destroyMethodName=(inferred); defined in class path resource [com/diana/config/ServiceTestConfig.class]] with [Root bean: class [null]; scope=; abstract=false; lazyInit=false; autowireMode=3; dependencyCheck=0; autowireCandidate=true; primary=false; factoryBeanName=controllerTestConfig; factoryMethodName=employeeService; initMethodName=null; destroyMethodName=(inferred); defined in com.diana.config.ControllerTestConfig]
16:14:27.547 [main] DEBUG org.springframework.beans.factory.support.DefaultListableBeanFactory - Overriding bean definition for bean &apos;addressService&apos; with a different definition: replacing [Root bean: class [null]; scope=; abstract=false; lazyInit=false; autowireMode=3; dependencyCheck=0; autowireCandidate=true; primary=false; factoryBeanName=serviceTestConfig; factoryMethodName=addressService; initMethodName=null; destroyMethodName=(inferred); defined in class path resource [com/diana/config/ServiceTestConfig.class]] with [Root bean: class [null]; scope=; abstract=false; lazyInit=false; autowireMode=3; dependencyCheck=0; autowireCandidate=true; primary=false; factoryBeanName=controllerTestConfig; factoryMethodName=addressService; initMethodName=null; destroyMethodName=(inferred); defined in com.diana.config.ControllerTestConfig]
16:14:27.548 [main] DEBUG org.springframework.beans.factory.support.DefaultListableBeanFactory - Overriding bean definition for bean &apos;departmentService&apos; with a different definition: replacing [Root bean: class [null]; scope=; abstract=false; lazyInit=false; autowireMode=3; dependencyCheck=0; autowireCandidate=true; primary=false; factoryBeanName=serviceTestConfig; factoryMethodName=departmentService; initMethodName=null; destroyMethodName=(inferred); defined in class path resource [com/diana/config/ServiceTestConfig.class]] with [Root bean: class [null]; scope=; abstract=false; lazyInit=false; autowireMode=3; dependencyCheck=0; autowireCandidate=true; primary=false; factoryBeanName=controllerTestConfig; factoryMethodName=departmentService; initMethodName=null; destroyMethodName=(inferred); defined in com.diana.config.ControllerTestConfig]
16:14:27.676 [main] DEBUG org.springframework.beans.factory.support.DefaultListableBeanFactory - Creating shared instance of singleton bean &apos;org.springframework.context.event.internalEventListenerProcessor&apos;
16:14:27.678 [main] DEBUG org.springframework.beans.factory.support.DefaultListableBeanFactory - Creating shared instance of singleton bean &apos;org.springframework.context.event.internalEventListenerFactory&apos;
16:14:27.679 [main] DEBUG org.springframework.beans.factory.support.DefaultListableBeanFactory - Creating shared instance of singleton bean &apos;org.springframework.transaction.config.internalTransactionalEventListenerFactory&apos;
16:14:27.684 [main] DEBUG org.springframework.beans.factory.support.DefaultListableBeanFactory - Creating shared instance of singleton bean &apos;org.springframework.context.annotation.internalAutowiredAnnotationProcessor&apos;
16:14:27.685 [main] DEBUG org.springframework.beans.factory.support.DefaultListableBeanFactory - Creating shared instance of singleton bean &apos;org.springframework.context.annotation.internalPersistenceAnnotationProcessor&apos;
16:14:27.685 [main] DEBUG org.springframework.beans.factory.support.DefaultListableBeanFactory - Creating shared instance of singleton bean &apos;org.springframework.aop.config.internalAutoProxyCreator&apos;
16:14:27.741 [main] DEBUG org.springframework.ui.context.support.UiApplicationContextUtils - Unable to locate ThemeSource with name &apos;themeSource&apos;: using default [org.springframework.ui.context.support.ResourceBundleThemeSource@1199fe66]
16:14:27.743 [main] DEBUG org.springframework.beans.factory.support.DefaultListableBeanFactory - Creating shared instance of singleton bean &apos;controllerTestConfig&apos;
16:14:27.745 [main] DEBUG org.springframework.beans.factory.support.DefaultListableBeanFactory - Creating shared instance of singleton bean &apos;org.springframework.transaction.config.internalTransactionAdvisor&apos;
16:14:27.745 [main] DEBUG org.springframework.beans.factory.support.DefaultListableBeanFactory - Creating shared instance of singleton bean &apos;org.springframework.transaction.annotation.ProxyTransactionManagementConfiguration&apos;
16:14:27.769 [main] DEBUG org.springframework.beans.factory.support.DefaultListableBeanFactory - Creating shared instance of singleton bean &apos;transactionAttributeSource&apos;
16:14:27.771 [main] DEBUG org.springframework.beans.factory.support.DefaultListableBeanFactory - Creating shared instance of singleton bean &apos;transactionInterceptor&apos;
16:14:27.777 [main] DEBUG org.springframework.beans.factory.support.DefaultListableBeanFactory - Creating shared instance of singleton bean &apos;DAOTestConfig&apos;
16:14:27.779 [main] DEBUG org.springframework.beans.factory.support.DefaultListableBeanFactory - Creating shared instance of singleton bean &apos;serviceTestConfig&apos;
16:14:27.780 [main] DEBUG org.springframework.beans.factory.support.DefaultListableBeanFactory - Creating shared instance of singleton bean &apos;persistenceConfig&apos;
16:14:27.781 [main] DEBUG org.springframework.beans.factory.support.DefaultListableBeanFactory - Creating shared instance of singleton bean &apos;departmentController&apos;
16:14:27.788 [main] DEBUG org.springframework.beans.factory.support.DefaultListableBeanFactory - Creating shared instance of singleton bean &apos;departmentService&apos;
16:14:28.104 [main] DEBUG org.springframework.beans.factory.support.DefaultListableBeanFactory - Creating shared instance of singleton bean &apos;departmentValidator&apos;
16:14:28.106 [main] DEBUG org.springframework.beans.factory.support.DefaultListableBeanFactory - Creating shared instance of singleton bean &apos;departmentDTOValidator&apos;
16:14:28.108 [main] DEBUG org.springframework.beans.factory.support.DefaultListableBeanFactory - Creating shared instance of singleton bean &apos;employeeController&apos;
16:14:28.109 [main] DEBUG org.springframework.beans.factory.support.DefaultListableBeanFactory - Creating shared instance of singleton bean &apos;addressService&apos;
16:14:28.121 [main] DEBUG org.springframework.beans.factory.support.DefaultListableBeanFactory - Creating shared instance of singleton bean &apos;employeeService&apos;
16:14:28.136 [main] DEBUG org.springframework.beans.factory.support.DefaultListableBeanFactory - Creating shared instance of singleton bean &apos;employeeDTOValidator&apos;
16:14:28.138 [main] DEBUG org.springframework.beans.factory.support.DefaultListableBeanFactory - Creating shared instance of singleton bean &apos;errorController&apos;
16:14:28.141 [main] DEBUG org.springframework.beans.factory.support.DefaultListableBeanFactory - Creating shared instance of singleton bean &apos;mainController&apos;
16:14:28.143 [main] DEBUG org.springframework.beans.factory.support.DefaultListableBeanFactory - Creating shared instance of singleton bean &apos;addressDAOImpl&apos;
16:14:28.150 [main] DEBUG org.springframework.beans.factory.support.DefaultListableBeanFactory - Creating shared instance of singleton bean &apos;sessionFactoryBean&apos;
16:14:28.152 [main] DEBUG org.springframework.beans.factory.support.DefaultListableBeanFactory - Creating shared instance of singleton bean &apos;dataSource&apos;
16:14:28.154 [main] DEBUG org.springframework.core.env.PropertySourcesPropertyResolver - Found key &apos;spring.datasource.driverClassName&apos; in PropertySource &apos;class path resource [application.properties]&apos; with value of type String
16:14:28.154 [main] DEBUG org.springframework.core.env.PropertySourcesPropertyResolver - Found key &apos;spring.datasource.url&apos; in PropertySource &apos;class path resource [application.properties]&apos; with value of type String
16:14:28.154 [main] DEBUG org.springframework.core.env.PropertySourcesPropertyResolver - Found key &apos;spring.datasource.username&apos; in PropertySource &apos;class path resource [application.properties]&apos; with value of type String
16:14:28.155 [main] DEBUG org.springframework.core.env.PropertySourcesPropertyResolver - Found key &apos;spring.datasource.password&apos; in PropertySource &apos;class path resource [application.properties]&apos; with value of type String
16:14:28.168 [main] DEBUG org.springframework.jdbc.datasource.DriverManagerDataSource - Loaded JDBC driver: org.h2.Driver
16:14:28.172 [main] DEBUG org.springframework.beans.factory.support.DefaultListableBeanFactory - Autowiring by type from bean name &apos;sessionFactoryBean&apos; via factory method to bean named &apos;dataSource&apos;
16:14:28.189 [main] WARN org.springframework.web.context.support.GenericWebApplicationContext - Exception encountered during context initialization - cancelling refresh attempt: org.springframework.beans.factory.BeanCreationException: Error creating bean with name &apos;addressDAOImpl&apos;: Injection of persistence dependencies failed; nested exception is org.springframework.beans.factory.BeanCreationException: Error creating bean with name &apos;sessionFactoryBean&apos; defined in class path resource [com/diana/config/PersistenceConfig.class]: Bean instantiation via factory method failed; nested exception is org.springframework.beans.BeanInstantiationException: Failed to instantiate [org.springframework.orm.hibernate5.LocalSessionFactoryBean]: Factory method &apos;sessionFactoryBean&apos; threw exception; nested exception is javax.naming.NoInitialContextException: Need to specify class name in environment or system property, or in an application resource file: java.naming.factory.initial
16:14:28.195 [main] ERROR org.springframework.test.context.TestContextManager - Caught exception while allowing TestExecutionListener [org.springframework.test.context.web.ServletTestExecutionListener@27c86f2d] to prepare test instance [com.diana.controller.DepartmentRESTControllerTest@6093d508]
java.lang.IllegalStateException: Failed to load ApplicationContext
	at org.springframework.test.context.cache.DefaultCacheAwareContextLoaderDelegate.loadContext(DefaultCacheAwareContextLoaderDelegate.java:125)
	at org.springframework.test.context.support.DefaultTestContext.getApplicationContext(DefaultTestContext.java:108)
	at org.springframework.test.context.web.ServletTestExecutionListener.setUpRequestContextIfNecessary(ServletTestExecutionListener.java:190)
	at org.springframework.test.context.web.ServletTestExecutionListener.prepareTestInstance(ServletTestExecutionListener.java:132)
	at org.springframework.test.context.TestContextManager.prepareTestInstance(TestContextManager.java:246)
	at org.springframework.test.context.junit4.SpringJUnit4ClassRunner.createTest(SpringJUnit4ClassRunner.java:227)
	at org.springframework.test.context.junit4.SpringJUnit4ClassRunner$1.runReflectiveCall(SpringJUnit4ClassRunner.java:289)
	at org.junit.internal.runners.model.ReflectiveCallable.run(ReflectiveCallable.java:12)
	at org.springframework.test.context.junit4.SpringJUnit4ClassRunner.methodBlock(SpringJUnit4ClassRunner.java:291)
	at org.springframework.test.context.junit4.SpringJUnit4ClassRunner.runChild(SpringJUnit4ClassRunner.java:246)
	at org.springframework.test.context.junit4.SpringJUnit4ClassRunner.runChild(SpringJUnit4ClassRunner.java:97)
	at org.junit.runners.ParentRunner$3.run(ParentRunner.java:290)
	at org.junit.runners.ParentRunner$1.schedule(ParentRunner.java:71)
	at org.junit.runners.ParentRunner.runChildren(ParentRunner.java:288)
	at org.junit.runners.ParentRunner.access$000(ParentRunner.java:58)
	at org.junit.runners.ParentRunner$2.evaluate(ParentRunner.java:268)
	at org.springframework.test.context.junit4.statements.RunBeforeTestClassCallbacks.evaluate(RunBeforeTestClassCallbacks.java:61)
	at org.springframework.test.context.junit4.statements.RunAfterTestClassCallbacks.evaluate(RunAfterTestClassCallbacks.java:70)
	at org.junit.runners.ParentRunner.run(ParentRunner.java:363)
	at org.springframework.test.context.junit4.SpringJUnit4ClassRunner.run(SpringJUnit4ClassRunner.java:190)
	at org.apache.maven.surefire.junit4.JUnit4Provider.execute(JUnit4Provider.java:264)
	at org.apache.maven.surefire.junit4.JUnit4Provider.executeTestSet(JUnit4Provider.java:153)
	at org.apache.maven.surefire.junit4.JUnit4Provider.invoke(JUnit4Provider.java:124)
	at java.base/jdk.internal.reflect.NativeMethodAccessorImpl.invoke0(Native Method)
	at java.base/jdk.internal.reflect.NativeMethodAccessorImpl.invoke(NativeMethodAccessorImpl.java:62)
	at java.base/jdk.internal.reflect.DelegatingMethodAccessorImpl.invoke(DelegatingMethodAccessorImpl.java:43)
	at java.base/java.lang.reflect.Method.invoke(Method.java:566)
	at org.apache.maven.surefire.util.ReflectionUtils.invokeMethodWithArray2(ReflectionUtils.java:208)
	at org.apache.maven.surefire.booter.ProviderFactory$ProviderProxy.invoke(ProviderFactory.java:158)
	at org.apache.maven.surefire.booter.ProviderFactory.invokeProvider(ProviderFactory.java:86)
	at org.apache.maven.surefire.booter.ForkedBooter.runSuitesInProcess(ForkedBooter.java:153)
	at org.apache.maven.surefire.booter.ForkedBooter.main(ForkedBooter.java:95)
Caused by: org.springframework.beans.factory.BeanCreationException: Error creating bean with name &apos;addressDAOImpl&apos;: Injection of persistence dependencies failed; nested exception is org.springframework.beans.factory.BeanCreationException: Error creating bean with name &apos;sessionFactoryBean&apos; defined in class path resource [com/diana/config/PersistenceConfig.class]: Bean instantiation via factory method failed; nested exception is org.springframework.beans.BeanInstantiationException: Failed to instantiate [org.springframework.orm.hibernate5.LocalSessionFactoryBean]: Factory method &apos;sessionFactoryBean&apos; threw exception; nested exception is javax.naming.NoInitialContextException: Need to specify class name in environment or system property, or in an application resource file: java.naming.factory.initial
	at org.springframework.orm.jpa.support.PersistenceAnnotationBeanPostProcessor.postProcessProperties(PersistenceAnnotationBeanPostProcessor.java:359)
	at org.springframework.beans.factory.support.AbstractAutowireCapableBeanFactory.populateBean(AbstractAutowireCapableBeanFactory.java:1411)
	at org.springframework.beans.factory.support.AbstractAutowireCapableBeanFactory.doCreateBean(AbstractAutowireCapableBeanFactory.java:592)
	at org.springframework.beans.factory.support.AbstractAutowireCapableBeanFactory.createBean(AbstractAutowireCapableBeanFactory.java:515)
	at org.springframework.beans.factory.support.AbstractBeanFactory.lambda$doGetBean$0(AbstractBeanFactory.java:320)
	at org.springframework.beans.factory.support.DefaultSingletonBeanRegistry.getSingleton(DefaultSingletonBeanRegistry.java:222)
	at org.springframework.beans.factory.support.AbstractBeanFactory.doGetBean(AbstractBeanFactory.java:318)
	at org.springframework.beans.factory.support.AbstractBeanFactory.getBean(AbstractBeanFactory.java:199)
	at org.springframework.beans.factory.support.DefaultListableBeanFactory.preInstantiateSingletons(DefaultListableBeanFactory.java:845)
	at org.springframework.context.support.AbstractApplicationContext.finishBeanFactoryInitialization(AbstractApplicationContext.java:877)
	at org.springframework.context.support.AbstractApplicationContext.refresh(AbstractApplicationContext.java:549)
	at org.springframework.test.context.web.AbstractGenericWebContextLoader.loadContext(AbstractGenericWebContextLoader.java:129)
	at org.springframework.test.context.web.AbstractGenericWebContextLoader.loadContext(AbstractGenericWebContextLoader.java:61)
	at org.springframework.test.context.support.AbstractDelegatingSmartContextLoader.delegateLoading(AbstractDelegatingSmartContextLoader.java:275)
	at org.springframework.test.context.support.AbstractDelegatingSmartContextLoader.loadContext(AbstractDelegatingSmartContextLoader.java:243)
	at org.springframework.test.context.cache.DefaultCacheAwareContextLoaderDelegate.loadContextInternal(DefaultCacheAwareContextLoaderDelegate.java:99)
	at org.springframework.test.context.cache.DefaultCacheAwareContextLoaderDelegate.loadContext(DefaultCacheAwareContextLoaderDelegate.java:117)
	... 31 common frames omitted
Caused by: org.springframework.beans.factory.BeanCreationException: Error creating bean with name &apos;sessionFactoryBean&apos; defined in class path resource [com/diana/config/PersistenceConfig.class]: Bean instantiation via factory method failed; nested exception is org.springframework.beans.BeanInstantiationException: Failed to instantiate [org.springframework.orm.hibernate5.LocalSessionFactoryBean]: Factory method &apos;sessionFactoryBean&apos; threw exception; nested exception is javax.naming.NoInitialContextException: Need to specify class name in environment or system property, or in an application resource file: java.naming.factory.initial
	at org.springframework.beans.factory.support.ConstructorResolver.instantiate(ConstructorResolver.java:627)
	at org.springframework.beans.factory.support.ConstructorResolver.instantiateUsingFactoryMethod(ConstructorResolver.java:607)
	at org.springframework.beans.factory.support.AbstractAutowireCapableBeanFactory.instantiateUsingFactoryMethod(AbstractAutowireCapableBeanFactory.java:1321)
	at org.springframework.beans.factory.support.AbstractAutowireCapableBeanFactory.createBeanInstance(AbstractAutowireCapableBeanFactory.java:1160)
	at org.springframework.beans.factory.support.AbstractAutowireCapableBeanFactory.doCreateBean(AbstractAutowireCapableBeanFactory.java:555)
	at org.springframework.beans.factory.support.AbstractAutowireCapableBeanFactory.createBean(AbstractAutowireCapableBeanFactory.java:515)
	at org.springframework.beans.factory.support.AbstractBeanFactory.lambda$doGetBean$0(AbstractBeanFactory.java:320)
	at org.springframework.beans.factory.support.DefaultSingletonBeanRegistry.getSingleton(DefaultSingletonBeanRegistry.java:222)
	at org.springframework.beans.factory.support.AbstractBeanFactory.doGetBean(AbstractBeanFactory.java:318)
	at org.springframework.beans.factory.support.AbstractBeanFactory.getBean(AbstractBeanFactory.java:199)
	at org.springframework.orm.jpa.EntityManagerFactoryUtils.findEntityManagerFactory(EntityManagerFactoryUtils.java:108)
	at org.springframework.orm.jpa.support.PersistenceAnnotationBeanPostProcessor.findNamedEntityManagerFactory(PersistenceAnnotationBeanPostProcessor.java:560)
	at org.springframework.orm.jpa.support.PersistenceAnnotationBeanPostProcessor.findEntityManagerFactory(PersistenceAnnotationBeanPostProcessor.java:540)
	at org.springframework.orm.jpa.support.PersistenceAnnotationBeanPostProcessor$PersistenceElement.resolveEntityManager(PersistenceAnnotationBeanPostProcessor.java:711)
	at org.springframework.orm.jpa.support.PersistenceAnnotationBeanPostProcessor$PersistenceElement.getResourceToInject(PersistenceAnnotationBeanPostProcessor.java:684)
	at org.springframework.beans.factory.annotation.InjectionMetadata$InjectedElement.inject(InjectionMetadata.java:180)
	at org.springframework.beans.factory.annotation.InjectionMetadata.inject(InjectionMetadata.java:90)
	at org.springframework.orm.jpa.support.PersistenceAnnotationBeanPostProcessor.postProcessProperties(PersistenceAnnotationBeanPostProcessor.java:356)
	... 47 common frames omitted
Caused by: org.springframework.beans.BeanInstantiationException: Failed to instantiate [org.springframework.orm.hibernate5.LocalSessionFactoryBean]: Factory method &apos;sessionFactoryBean&apos; threw exception; nested exception is javax.naming.NoInitialContextException: Need to specify class name in environment or system property, or in an application resource file: java.naming.factory.initial
	at org.springframework.beans.factory.support.SimpleInstantiationStrategy.instantiate(SimpleInstantiationStrategy.java:185)
	at org.springframework.beans.factory.support.ConstructorResolver.instantiate(ConstructorResolver.java:622)
	... 64 common frames omitted
Caused by: javax.naming.NoInitialContextException: Need to specify class name in environment or system property, or in an application resource file: java.naming.factory.initial
	at java.naming/javax.naming.spi.NamingManager.getInitialContext(NamingManager.java:685)
	at java.naming/javax.naming.InitialContext.getDefaultInitCtx(InitialContext.java:305)
	at java.naming/javax.naming.InitialContext.getURLOrDefaultInitCtx(InitialContext.java:342)
	at java.naming/javax.naming.InitialContext.lookup(InitialContext.java:409)
	at com.diana.config.PersistenceConfig.sessionFactoryBean(PersistenceConfig.java:55)
	at com.diana.config.PersistenceConfig$$EnhancerBySpringCGLIB$$d7c8d59e.CGLIB$sessionFactoryBean$0(&lt;generated&gt;)
	at com.diana.config.PersistenceConfig$$EnhancerBySpringCGLIB$$d7c8d59e$$FastClassBySpringCGLIB$$7901a89d.invoke(&lt;generated&gt;)
	at org.springframework.cglib.proxy.MethodProxy.invokeSuper(MethodProxy.java:244)
	at org.springframework.context.annotation.ConfigurationClassEnhancer$BeanMethodInterceptor.intercept(ConfigurationClassEnhancer.java:363)
	at com.diana.config.PersistenceConfig$$EnhancerBySpringCGLIB$$d7c8d59e.sessionFactoryBean(&lt;generated&gt;)
	at java.base/jdk.internal.reflect.NativeMethodAccessorImpl.invoke0(Native Method)
	at java.base/jdk.internal.reflect.NativeMethodAccessorImpl.invoke(NativeMethodAccessorImpl.java:62)
	at java.base/jdk.internal.reflect.DelegatingMethodAccessorImpl.invoke(DelegatingMethodAccessorImpl.java:43)
	at java.base/java.lang.reflect.Method.invoke(Method.java:566)
	at org.springframework.beans.factory.support.SimpleInstantiationStrategy.instantiate(SimpleInstantiationStrategy.java:154)
	... 65 common frames omitted
</system-out>
  </testcase>
</testsuite>