<?xml version="1.0" encoding="UTF-8"?>
<testsuite xmlns:xsi="http://www.w3.org/2001/XMLSchema-instance" xsi:noNamespaceSchemaLocation="https://maven.apache.org/surefire/maven-failsafe-plugin/xsd/failsafe-test-report.xsd" name="com.diana.integration.IntTest" time="45.093" tests="3" errors="0" skipped="0" failures="2">
  <properties>
[...]
</properties>
  <testcase name="test_goToNewDep_thenCreateDep_thenGoBack" classname="com.diana.integration.IntTest" time="14.282">
    <failure message="row count (table=departments) expected:&lt;[2]&gt; but was:&lt;[1]&gt;" type="junit.framework.ComparisonFailure"><![CDATA[junit.framework.ComparisonFailure: row count (table=departments) expected:<[2]> but was:<[1]>
]]></failure>
    <system-out><![CDATA[11:55:35.630 [main] DEBUG org.springframework.test.context.junit4.SpringJUnit4ClassRunner - SpringJUnit4ClassRunner constructor called with [class com.diana.integration.IntTest]
11:55:35.634 [main] DEBUG org.springframework.test.context.BootstrapUtils - Instantiating CacheAwareContextLoaderDelegate from class [org.springframework.test.context.cache.DefaultCacheAwareContextLoaderDelegate]
11:55:35.642 [main] DEBUG org.springframework.test.context.BootstrapUtils - Instantiating BootstrapContext using constructor [public org.springframework.test.context.support.DefaultBootstrapContext(java.lang.Class,org.springframework.test.context.CacheAwareContextLoaderDelegate)]
11:55:35.650 [main] DEBUG org.springframework.test.context.BootstrapUtils - Instantiating TestContextBootstrapper for test class [com.diana.integration.IntTest] from class [org.springframework.test.context.support.DefaultTestContextBootstrapper]
11:55:35.679 [main] DEBUG org.springframework.test.context.support.AbstractDelegatingSmartContextLoader - Delegating to AnnotationConfigContextLoader to process context configuration [ContextConfigurationAttributes@1fe20588 declaringClass = 'com.diana.integration.IntTest', classes = '{class com.diana.config.IntTestConfig}', locations = '{}', inheritLocations = true, initializers = '{}', inheritInitializers = true, name = [null], contextLoaderClass = 'org.springframework.test.context.ContextLoader'].
11:55:35.714 [main] INFO org.springframework.test.context.support.DefaultTestContextBootstrapper - Using TestExecutionListeners: [org.springframework.test.context.support.DependencyInjectionTestExecutionListener@1ddf84b8, org.springframework.test.context.support.DirtiesContextTestExecutionListener@1139b2f3, org.springframework.test.context.transaction.TransactionalTestExecutionListener@7a69b07, com.github.springtestdbunit.DbUnitTestExecutionListener@5e82df6a]
11:55:35.716 [main] DEBUG org.springframework.test.annotation.ProfileValueUtils - Retrieved @ProfileValueSourceConfiguration [null] for test class [com.diana.integration.IntTest]
11:55:35.717 [main] DEBUG org.springframework.test.annotation.ProfileValueUtils - Retrieved ProfileValueSource type [class org.springframework.test.annotation.SystemProfileValueSource] for class [com.diana.integration.IntTest]
11:55:35.720 [main] DEBUG org.springframework.test.annotation.ProfileValueUtils - Retrieved @ProfileValueSourceConfiguration [null] for test class [com.diana.integration.IntTest]
11:55:35.720 [main] DEBUG org.springframework.test.annotation.ProfileValueUtils - Retrieved ProfileValueSource type [class org.springframework.test.annotation.SystemProfileValueSource] for class [com.diana.integration.IntTest]
11:55:35.721 [main] DEBUG org.springframework.test.annotation.ProfileValueUtils - Retrieved @ProfileValueSourceConfiguration [null] for test class [com.diana.integration.IntTest]
11:55:35.722 [main] DEBUG org.springframework.test.annotation.ProfileValueUtils - Retrieved ProfileValueSource type [class org.springframework.test.annotation.SystemProfileValueSource] for class [com.diana.integration.IntTest]
11:55:35.724 [main] DEBUG org.springframework.test.annotation.ProfileValueUtils - Retrieved @ProfileValueSourceConfiguration [null] for test class [com.diana.integration.IntTest]
11:55:35.724 [main] DEBUG org.springframework.test.annotation.ProfileValueUtils - Retrieved ProfileValueSource type [class org.springframework.test.annotation.SystemProfileValueSource] for class [com.diana.integration.IntTest]
11:55:35.727 [main] DEBUG org.springframework.test.context.support.DependencyInjectionTestExecutionListener - Performing dependency injection for test context [[DefaultTestContext@243c4f91 testClass = IntTest, testInstance = com.diana.integration.IntTest@291ae, testMethod = [null], testException = [null], mergedContextConfiguration = [MergedContextConfiguration@61df66b6 testClass = IntTest, locations = '{}', classes = '{class com.diana.config.IntTestConfig}', contextInitializerClasses = '[]', activeProfiles = '{test}', propertySourceLocations = '{}', propertySourceProperties = '{}', contextCustomizers = set[[empty]], contextLoader = 'org.springframework.test.context.support.DelegatingSmartContextLoader', parent = [null]], attributes = map[[empty]]]].
11:55:35.728 [main] DEBUG org.springframework.test.context.support.AbstractDelegatingSmartContextLoader - Delegating to AnnotationConfigContextLoader to load context from [MergedContextConfiguration@61df66b6 testClass = IntTest, locations = '{}', classes = '{class com.diana.config.IntTestConfig}', contextInitializerClasses = '[]', activeProfiles = '{test}', propertySourceLocations = '{}', propertySourceProperties = '{}', contextCustomizers = set[[empty]], contextLoader = 'org.springframework.test.context.support.DelegatingSmartContextLoader', parent = [null]].
11:55:35.729 [main] DEBUG org.springframework.test.context.support.AbstractGenericContextLoader - Loading ApplicationContext for merged context configuration [[MergedContextConfiguration@61df66b6 testClass = IntTest, locations = '{}', classes = '{class com.diana.config.IntTestConfig}', contextInitializerClasses = '[]', activeProfiles = '{test}', propertySourceLocations = '{}', propertySourceProperties = '{}', contextCustomizers = set[[empty]], contextLoader = 'org.springframework.test.context.support.DelegatingSmartContextLoader', parent = [null]]].
11:55:35.774 [main] DEBUG org.springframework.core.env.StandardEnvironment - Activating profiles [test]
11:55:35.774 [main] DEBUG org.springframework.test.context.support.AnnotationConfigContextLoader - Registering annotated classes: {class com.diana.config.IntTestConfig}
11:55:35.802 [main] DEBUG org.springframework.context.support.GenericApplicationContext - Refreshing org.springframework.context.support.GenericApplicationContext@a514af7
11:55:35.814 [main] DEBUG org.springframework.beans.factory.support.DefaultListableBeanFactory - Creating shared instance of singleton bean 'org.springframework.context.annotation.internalConfigurationAnnotationProcessor'
11:55:35.953 [main] DEBUG org.springframework.beans.factory.support.DefaultListableBeanFactory - Creating shared instance of singleton bean 'org.springframework.context.event.internalEventListenerProcessor'
11:55:35.955 [main] DEBUG org.springframework.beans.factory.support.DefaultListableBeanFactory - Creating shared instance of singleton bean 'org.springframework.context.event.internalEventListenerFactory'
11:55:35.956 [main] DEBUG org.springframework.beans.factory.support.DefaultListableBeanFactory - Creating shared instance of singleton bean 'org.springframework.context.annotation.internalAutowiredAnnotationProcessor'
11:55:35.957 [main] DEBUG org.springframework.beans.factory.support.DefaultListableBeanFactory - Creating shared instance of singleton bean 'org.springframework.context.annotation.internalPersistenceAnnotationProcessor'
11:55:35.964 [main] DEBUG org.springframework.beans.factory.support.DefaultListableBeanFactory - Creating shared instance of singleton bean 'intTestConfig'
11:55:35.968 [main] DEBUG org.springframework.beans.factory.support.DefaultListableBeanFactory - Creating shared instance of singleton bean 'dataSource'
11:55:36.002 [main] DEBUG org.springframework.jdbc.datasource.DriverManagerDataSource - Loaded JDBC driver: org.h2.Driver
11:55:36.005 [main] DEBUG org.springframework.beans.factory.support.DefaultListableBeanFactory - Creating shared instance of singleton bean 'sessionFactoryBean'
11:55:36.038 [main] DEBUG org.springframework.beans.factory.support.DefaultListableBeanFactory - Autowiring by type from bean name 'sessionFactoryBean' via factory method to bean named 'dataSource'
11:55:36.076 [main] DEBUG org.jboss.logging - Logging Provider: org.jboss.logging.Slf4jLoggerProvider
11:55:36.087 [main] DEBUG org.hibernate.integrator.internal.IntegratorServiceImpl - Adding Integrator [org.hibernate.cfg.beanvalidation.BeanValidationIntegrator].
11:55:36.089 [main] DEBUG org.hibernate.integrator.internal.IntegratorServiceImpl - Adding Integrator [org.hibernate.secure.spi.JaccIntegrator].
11:55:36.093 [main] DEBUG org.hibernate.integrator.internal.IntegratorServiceImpl - Adding Integrator [org.hibernate.cache.internal.CollectionCacheInvalidator].
11:55:36.184 [main] INFO org.hibernate.Version - HHH000412: Hibernate Core {5.4.3.Final}
11:55:36.186 [main] DEBUG org.hibernate.cfg.Environment - HHH000206: hibernate.properties not found
11:55:36.334 [main] DEBUG org.hibernate.cfg.Configuration - Building session factory using internal StandardServiceRegistryBuilder
11:55:36.339 [main] DEBUG org.hibernate.service.spi.ServiceBinding - Overriding existing service binding [org.hibernate.secure.spi.JaccService]
11:55:36.339 [main] DEBUG org.hibernate.cfg.Configuration - Building session factory using provided StandardServiceRegistry
11:55:36.355 [main] DEBUG org.hibernate.cache.internal.StrategyCreatorRegionFactoryImpl - RegionFactory impl [org.hibernate.cache.ehcache.internal.EhcacheRegionFactory] did not provide constructor accepting Properties
11:55:36.355 [main] DEBUG org.hibernate.cache.internal.StrategyCreatorRegionFactoryImpl - RegionFactory impl [org.hibernate.cache.ehcache.internal.EhcacheRegionFactory] did not provide constructor accepting Properties
11:55:36.365 [main] WARN org.hibernate.orm.deprecation - HHH020100: The Ehcache second-level cache provider for Hibernate is deprecated.  See https://hibernate.atlassian.net/browse/HHH-12441 for details.
11:55:36.366 [main] DEBUG org.hibernate.cache.internal.RegionFactoryInitiator - Cache region factory : org.hibernate.cache.ehcache.internal.EhcacheRegionFactory
11:55:36.384 [main] INFO org.hibernate.annotations.common.Version - HCANN000001: Hibernate Commons Annotations {5.1.0.Final}
11:55:36.682 [main] DEBUG org.hibernate.type.BasicTypeRegistry - Adding type registration boolean -> org.hibernate.type.BooleanType@23a9ba52
11:55:36.683 [main] DEBUG org.hibernate.type.BasicTypeRegistry - Adding type registration boolean -> org.hibernate.type.BooleanType@23a9ba52
11:55:36.683 [main] DEBUG org.hibernate.type.BasicTypeRegistry - Adding type registration java.lang.Boolean -> org.hibernate.type.BooleanType@23a9ba52
11:55:36.684 [main] DEBUG org.hibernate.type.BasicTypeRegistry - Adding type registration numeric_boolean -> org.hibernate.type.NumericBooleanType@544630b7
11:55:36.685 [main] DEBUG org.hibernate.type.BasicTypeRegistry - Adding type registration true_false -> org.hibernate.type.TrueFalseType@3d6300e8
11:55:36.685 [main] DEBUG org.hibernate.type.BasicTypeRegistry - Adding type registration yes_no -> org.hibernate.type.YesNoType@73511076
11:55:36.686 [main] DEBUG org.hibernate.type.BasicTypeRegistry - Adding type registration byte -> org.hibernate.type.ByteType@617fe9e1
11:55:36.687 [main] DEBUG org.hibernate.type.BasicTypeRegistry - Adding type registration byte -> org.hibernate.type.ByteType@617fe9e1
11:55:36.687 [main] DEBUG org.hibernate.type.BasicTypeRegistry - Adding type registration java.lang.Byte -> org.hibernate.type.ByteType@617fe9e1
11:55:36.688 [main] DEBUG org.hibernate.type.BasicTypeRegistry - Adding type registration character -> org.hibernate.type.CharacterType@5b800468
11:55:36.688 [main] DEBUG org.hibernate.type.BasicTypeRegistry - Adding type registration char -> org.hibernate.type.CharacterType@5b800468
11:55:36.688 [main] DEBUG org.hibernate.type.BasicTypeRegistry - Adding type registration java.lang.Character -> org.hibernate.type.CharacterType@5b800468
11:55:36.690 [main] DEBUG org.hibernate.type.BasicTypeRegistry - Adding type registration short -> org.hibernate.type.ShortType@60094a13
11:55:36.690 [main] DEBUG org.hibernate.type.BasicTypeRegistry - Adding type registration short -> org.hibernate.type.ShortType@60094a13
11:55:36.690 [main] DEBUG org.hibernate.type.BasicTypeRegistry - Adding type registration java.lang.Short -> org.hibernate.type.ShortType@60094a13
11:55:36.692 [main] DEBUG org.hibernate.type.BasicTypeRegistry - Adding type registration integer -> org.hibernate.type.IntegerType@579d011c
11:55:36.692 [main] DEBUG org.hibernate.type.BasicTypeRegistry - Adding type registration int -> org.hibernate.type.IntegerType@579d011c
11:55:36.692 [main] DEBUG org.hibernate.type.BasicTypeRegistry - Adding type registration java.lang.Integer -> org.hibernate.type.IntegerType@579d011c
11:55:36.693 [main] DEBUG org.hibernate.type.BasicTypeRegistry - Adding type registration long -> org.hibernate.type.LongType@687a762c
11:55:36.693 [main] DEBUG org.hibernate.type.BasicTypeRegistry - Adding type registration long -> org.hibernate.type.LongType@687a762c
11:55:36.694 [main] DEBUG org.hibernate.type.BasicTypeRegistry - Adding type registration java.lang.Long -> org.hibernate.type.LongType@687a762c
11:55:36.695 [main] DEBUG org.hibernate.type.BasicTypeRegistry - Adding type registration float -> org.hibernate.type.FloatType@55e7a35c
11:55:36.695 [main] DEBUG org.hibernate.type.BasicTypeRegistry - Adding type registration float -> org.hibernate.type.FloatType@55e7a35c
11:55:36.695 [main] DEBUG org.hibernate.type.BasicTypeRegistry - Adding type registration java.lang.Float -> org.hibernate.type.FloatType@55e7a35c
11:55:36.696 [main] DEBUG org.hibernate.type.BasicTypeRegistry - Adding type registration double -> org.hibernate.type.DoubleType@62d363ab
11:55:36.696 [main] DEBUG org.hibernate.type.BasicTypeRegistry - Adding type registration double -> org.hibernate.type.DoubleType@62d363ab
11:55:36.696 [main] DEBUG org.hibernate.type.BasicTypeRegistry - Adding type registration java.lang.Double -> org.hibernate.type.DoubleType@62d363ab
11:55:36.698 [main] DEBUG org.hibernate.type.BasicTypeRegistry - Adding type registration big_decimal -> org.hibernate.type.BigDecimalType@4108fa66
11:55:36.698 [main] DEBUG org.hibernate.type.BasicTypeRegistry - Adding type registration java.math.BigDecimal -> org.hibernate.type.BigDecimalType@4108fa66
11:55:36.699 [main] DEBUG org.hibernate.type.BasicTypeRegistry - Adding type registration big_integer -> org.hibernate.type.BigIntegerType@1b5bc39d
11:55:36.699 [main] DEBUG org.hibernate.type.BasicTypeRegistry - Adding type registration java.math.BigInteger -> org.hibernate.type.BigIntegerType@1b5bc39d
11:55:36.699 [main] DEBUG org.hibernate.type.BasicTypeRegistry - Adding type registration string -> org.hibernate.type.StringType@1df98368
11:55:36.700 [main] DEBUG org.hibernate.type.BasicTypeRegistry - Adding type registration java.lang.String -> org.hibernate.type.StringType@1df98368
11:55:36.700 [main] DEBUG org.hibernate.type.BasicTypeRegistry - Adding type registration nstring -> org.hibernate.type.StringNVarcharType@7d61eccf
11:55:36.701 [main] DEBUG org.hibernate.type.BasicTypeRegistry - Adding type registration ncharacter -> org.hibernate.type.CharacterNCharType@1a6f2363
11:55:36.701 [main] DEBUG org.hibernate.type.BasicTypeRegistry - Adding type registration url -> org.hibernate.type.UrlType@56b78e55
11:55:36.701 [main] DEBUG org.hibernate.type.BasicTypeRegistry - Adding type registration java.net.URL -> org.hibernate.type.UrlType@56b78e55
11:55:36.702 [main] DEBUG org.hibernate.type.BasicTypeRegistry - Adding type registration Duration -> org.hibernate.type.DurationType@4c4d362a
11:55:36.702 [main] DEBUG org.hibernate.type.BasicTypeRegistry - Adding type registration java.time.Duration -> org.hibernate.type.DurationType@4c4d362a
11:55:36.706 [main] DEBUG org.hibernate.type.BasicTypeRegistry - Adding type registration Instant -> org.hibernate.type.InstantType@620aa4ea
11:55:36.706 [main] DEBUG org.hibernate.type.BasicTypeRegistry - Adding type registration java.time.Instant -> org.hibernate.type.InstantType@620aa4ea
11:55:36.708 [main] DEBUG org.hibernate.type.BasicTypeRegistry - Adding type registration LocalDateTime -> org.hibernate.type.LocalDateTimeType@13006998
11:55:36.708 [main] DEBUG org.hibernate.type.BasicTypeRegistry - Adding type registration java.time.LocalDateTime -> org.hibernate.type.LocalDateTimeType@13006998
11:55:36.709 [main] DEBUG org.hibernate.type.BasicTypeRegistry - Adding type registration LocalDate -> org.hibernate.type.LocalDateType@54afd745
11:55:36.709 [main] DEBUG org.hibernate.type.BasicTypeRegistry - Adding type registration java.time.LocalDate -> org.hibernate.type.LocalDateType@54afd745
11:55:36.711 [main] DEBUG org.hibernate.type.BasicTypeRegistry - Adding type registration LocalTime -> org.hibernate.type.LocalTimeType@51768776
11:55:36.711 [main] DEBUG org.hibernate.type.BasicTypeRegistry - Adding type registration java.time.LocalTime -> org.hibernate.type.LocalTimeType@51768776
11:55:36.712 [main] DEBUG org.hibernate.type.BasicTypeRegistry - Adding type registration OffsetDateTime -> org.hibernate.type.OffsetDateTimeType@d1f74b8
11:55:36.712 [main] DEBUG org.hibernate.type.BasicTypeRegistry - Adding type registration java.time.OffsetDateTime -> org.hibernate.type.OffsetDateTimeType@d1f74b8
11:55:36.714 [main] DEBUG org.hibernate.type.BasicTypeRegistry - Adding type registration OffsetTime -> org.hibernate.type.OffsetTimeType@287f94b1
11:55:36.714 [main] DEBUG org.hibernate.type.BasicTypeRegistry - Adding type registration java.time.OffsetTime -> org.hibernate.type.OffsetTimeType@287f94b1
11:55:36.715 [main] DEBUG org.hibernate.type.BasicTypeRegistry - Adding type registration ZonedDateTime -> org.hibernate.type.ZonedDateTimeType@5149f008
11:55:36.715 [main] DEBUG org.hibernate.type.BasicTypeRegistry - Adding type registration java.time.ZonedDateTime -> org.hibernate.type.ZonedDateTimeType@5149f008
11:55:36.717 [main] DEBUG org.hibernate.type.BasicTypeRegistry - Adding type registration date -> org.hibernate.type.DateType@50305a
11:55:36.717 [main] DEBUG org.hibernate.type.BasicTypeRegistry - Adding type registration java.sql.Date -> org.hibernate.type.DateType@50305a
11:55:36.718 [main] DEBUG org.hibernate.type.BasicTypeRegistry - Adding type registration time -> org.hibernate.type.TimeType@324c64cd
11:55:36.718 [main] DEBUG org.hibernate.type.BasicTypeRegistry - Adding type registration java.sql.Time -> org.hibernate.type.TimeType@324c64cd
11:55:36.720 [main] DEBUG org.hibernate.type.BasicTypeRegistry - Adding type registration timestamp -> org.hibernate.type.TimestampType@7a0e1b5e
11:55:36.720 [main] DEBUG org.hibernate.type.BasicTypeRegistry - Adding type registration java.sql.Timestamp -> org.hibernate.type.TimestampType@7a0e1b5e
11:55:36.720 [main] DEBUG org.hibernate.type.BasicTypeRegistry - Adding type registration java.util.Date -> org.hibernate.type.TimestampType@7a0e1b5e
11:55:36.722 [main] DEBUG org.hibernate.type.BasicTypeRegistry - Adding type registration dbtimestamp -> org.hibernate.type.DbTimestampType@7646731d
11:55:36.723 [main] DEBUG org.hibernate.type.BasicTypeRegistry - Adding type registration calendar -> org.hibernate.type.CalendarType@5d8445d7
11:55:36.723 [main] DEBUG org.hibernate.type.BasicTypeRegistry - Adding type registration java.util.Calendar -> org.hibernate.type.CalendarType@5d8445d7
11:55:36.723 [main] DEBUG org.hibernate.type.BasicTypeRegistry - Adding type registration java.util.GregorianCalendar -> org.hibernate.type.CalendarType@5d8445d7
11:55:36.724 [main] DEBUG org.hibernate.type.BasicTypeRegistry - Adding type registration calendar_date -> org.hibernate.type.CalendarDateType@6b9267b
11:55:36.725 [main] DEBUG org.hibernate.type.BasicTypeRegistry - Adding type registration locale -> org.hibernate.type.LocaleType@726386ed
11:55:36.725 [main] DEBUG org.hibernate.type.BasicTypeRegistry - Adding type registration java.util.Locale -> org.hibernate.type.LocaleType@726386ed
11:55:36.726 [main] DEBUG org.hibernate.type.BasicTypeRegistry - Adding type registration currency -> org.hibernate.type.CurrencyType@51650883
11:55:36.726 [main] DEBUG org.hibernate.type.BasicTypeRegistry - Adding type registration java.util.Currency -> org.hibernate.type.CurrencyType@51650883
11:55:36.727 [main] DEBUG org.hibernate.type.BasicTypeRegistry - Adding type registration timezone -> org.hibernate.type.TimeZoneType@241a53ef
11:55:36.727 [main] DEBUG org.hibernate.type.BasicTypeRegistry - Adding type registration java.util.TimeZone -> org.hibernate.type.TimeZoneType@241a53ef
11:55:36.728 [main] DEBUG org.hibernate.type.BasicTypeRegistry - Adding type registration class -> org.hibernate.type.ClassType@31500940
11:55:36.728 [main] DEBUG org.hibernate.type.BasicTypeRegistry - Adding type registration java.lang.Class -> org.hibernate.type.ClassType@31500940
11:55:36.729 [main] DEBUG org.hibernate.type.BasicTypeRegistry - Adding type registration uuid-binary -> org.hibernate.type.UUIDBinaryType@200606de
11:55:36.729 [main] DEBUG org.hibernate.type.BasicTypeRegistry - Adding type registration java.util.UUID -> org.hibernate.type.UUIDBinaryType@200606de
11:55:36.729 [main] DEBUG org.hibernate.type.BasicTypeRegistry - Adding type registration uuid-char -> org.hibernate.type.UUIDCharType@2ef8a8c3
11:55:36.730 [main] DEBUG org.hibernate.type.BasicTypeRegistry - Adding type registration binary -> org.hibernate.type.BinaryType@3aacf32a
11:55:36.730 [main] DEBUG org.hibernate.type.BasicTypeRegistry - Adding type registration byte[] -> org.hibernate.type.BinaryType@3aacf32a
11:55:36.730 [main] DEBUG org.hibernate.type.BasicTypeRegistry - Adding type registration [B -> org.hibernate.type.BinaryType@3aacf32a
11:55:36.731 [main] DEBUG org.hibernate.type.BasicTypeRegistry - Adding type registration wrapper-binary -> org.hibernate.type.WrapperBinaryType@443dbe42
11:55:36.732 [main] DEBUG org.hibernate.type.BasicTypeRegistry - Adding type registration Byte[] -> org.hibernate.type.WrapperBinaryType@443dbe42
11:55:36.732 [main] DEBUG org.hibernate.type.BasicTypeRegistry - Adding type registration [Ljava.lang.Byte; -> org.hibernate.type.WrapperBinaryType@443dbe42
11:55:36.733 [main] DEBUG org.hibernate.type.BasicTypeRegistry - Adding type registration row_version -> org.hibernate.type.RowVersionType@133e019b
11:55:36.733 [main] DEBUG org.hibernate.type.BasicTypeRegistry - Adding type registration image -> org.hibernate.type.ImageType@2102a4d5
11:55:36.734 [main] DEBUG org.hibernate.type.BasicTypeRegistry - Adding type registration characters -> org.hibernate.type.CharArrayType@1e886a5b
11:55:36.734 [main] DEBUG org.hibernate.type.BasicTypeRegistry - Adding type registration char[] -> org.hibernate.type.CharArrayType@1e886a5b
11:55:36.734 [main] DEBUG org.hibernate.type.BasicTypeRegistry - Adding type registration [C -> org.hibernate.type.CharArrayType@1e886a5b
11:55:36.735 [main] DEBUG org.hibernate.type.BasicTypeRegistry - Adding type registration wrapper-characters -> org.hibernate.type.CharacterArrayType@3113a37
11:55:36.735 [main] DEBUG org.hibernate.type.BasicTypeRegistry - Adding type registration [Ljava.lang.Character; -> org.hibernate.type.CharacterArrayType@3113a37
11:55:36.735 [main] DEBUG org.hibernate.type.BasicTypeRegistry - Adding type registration Character[] -> org.hibernate.type.CharacterArrayType@3113a37
11:55:36.736 [main] DEBUG org.hibernate.type.BasicTypeRegistry - Adding type registration text -> org.hibernate.type.TextType@20312893
11:55:36.736 [main] DEBUG org.hibernate.type.BasicTypeRegistry - Adding type registration ntext -> org.hibernate.type.NTextType@54ec8cc9
11:55:36.738 [main] DEBUG org.hibernate.type.BasicTypeRegistry - Adding type registration blob -> org.hibernate.type.BlobType@32f61a31
11:55:36.738 [main] DEBUG org.hibernate.type.BasicTypeRegistry - Adding type registration java.sql.Blob -> org.hibernate.type.BlobType@32f61a31
11:55:36.738 [main] DEBUG org.hibernate.type.BasicTypeRegistry - Adding type registration materialized_blob -> org.hibernate.type.MaterializedBlobType@51a06cbe
11:55:36.739 [main] DEBUG org.hibernate.type.BasicTypeRegistry - Adding type registration clob -> org.hibernate.type.ClobType@52d10fb8
11:55:36.739 [main] DEBUG org.hibernate.type.BasicTypeRegistry - Adding type registration java.sql.Clob -> org.hibernate.type.ClobType@52d10fb8
11:55:36.741 [main] DEBUG org.hibernate.type.BasicTypeRegistry - Adding type registration nclob -> org.hibernate.type.NClobType@433ffad1
11:55:36.741 [main] DEBUG org.hibernate.type.BasicTypeRegistry - Adding type registration java.sql.NClob -> org.hibernate.type.NClobType@433ffad1
11:55:36.742 [main] DEBUG org.hibernate.type.BasicTypeRegistry - Adding type registration materialized_clob -> org.hibernate.type.MaterializedClobType@ecf9fb3
11:55:36.742 [main] DEBUG org.hibernate.type.BasicTypeRegistry - Adding type registration materialized_nclob -> org.hibernate.type.MaterializedNClobType@37d3d232
11:55:36.743 [main] DEBUG org.hibernate.type.BasicTypeRegistry - Adding type registration serializable -> org.hibernate.type.SerializableType@2f40a43
11:55:36.746 [main] DEBUG org.hibernate.type.BasicTypeRegistry - Adding type registration object -> org.hibernate.type.ObjectType@6e0ff644
11:55:36.746 [main] DEBUG org.hibernate.type.BasicTypeRegistry - Adding type registration java.lang.Object -> org.hibernate.type.ObjectType@6e0ff644
11:55:36.746 [main] DEBUG org.hibernate.type.BasicTypeRegistry - Adding type registration imm_date -> org.hibernate.type.AdaptedImmutableType@2d0566ba
11:55:36.746 [main] DEBUG org.hibernate.type.BasicTypeRegistry - Adding type registration imm_time -> org.hibernate.type.AdaptedImmutableType@733037
11:55:36.746 [main] DEBUG org.hibernate.type.BasicTypeRegistry - Adding type registration imm_timestamp -> org.hibernate.type.AdaptedImmutableType@7728643a
11:55:36.747 [main] DEBUG org.hibernate.type.BasicTypeRegistry - Adding type registration imm_dbtimestamp -> org.hibernate.type.AdaptedImmutableType@320e400
11:55:36.747 [main] DEBUG org.hibernate.type.BasicTypeRegistry - Adding type registration imm_calendar -> org.hibernate.type.AdaptedImmutableType@5167268
11:55:36.747 [main] DEBUG org.hibernate.type.BasicTypeRegistry - Adding type registration imm_calendar_date -> org.hibernate.type.AdaptedImmutableType@1cfd1875
11:55:36.747 [main] DEBUG org.hibernate.type.BasicTypeRegistry - Adding type registration imm_binary -> org.hibernate.type.AdaptedImmutableType@28c0b664
11:55:36.747 [main] DEBUG org.hibernate.type.BasicTypeRegistry - Adding type registration imm_serializable -> org.hibernate.type.AdaptedImmutableType@2c444798
11:55:36.768 [main] DEBUG org.hibernate.id.factory.internal.DefaultIdentifierGeneratorFactory - Registering IdentifierGenerator strategy [uuid2] -> [org.hibernate.id.UUIDGenerator]
11:55:36.768 [main] DEBUG org.hibernate.id.factory.internal.DefaultIdentifierGeneratorFactory - Registering IdentifierGenerator strategy [guid] -> [org.hibernate.id.GUIDGenerator]
11:55:36.769 [main] DEBUG org.hibernate.id.factory.internal.DefaultIdentifierGeneratorFactory - Registering IdentifierGenerator strategy [uuid] -> [org.hibernate.id.UUIDHexGenerator]
11:55:36.769 [main] DEBUG org.hibernate.id.factory.internal.DefaultIdentifierGeneratorFactory - Registering IdentifierGenerator strategy [uuid.hex] -> [org.hibernate.id.UUIDHexGenerator]
11:55:36.769 [main] DEBUG org.hibernate.id.factory.internal.DefaultIdentifierGeneratorFactory - Registering IdentifierGenerator strategy [assigned] -> [org.hibernate.id.Assigned]
11:55:36.770 [main] DEBUG org.hibernate.id.factory.internal.DefaultIdentifierGeneratorFactory - Registering IdentifierGenerator strategy [identity] -> [org.hibernate.id.IdentityGenerator]
11:55:36.771 [main] DEBUG org.hibernate.id.factory.internal.DefaultIdentifierGeneratorFactory - Registering IdentifierGenerator strategy [select] -> [org.hibernate.id.SelectGenerator]
11:55:36.772 [main] DEBUG org.hibernate.id.factory.internal.DefaultIdentifierGeneratorFactory - Registering IdentifierGenerator strategy [sequence] -> [org.hibernate.id.enhanced.SequenceStyleGenerator]
11:55:36.772 [main] DEBUG org.hibernate.id.factory.internal.DefaultIdentifierGeneratorFactory - Registering IdentifierGenerator strategy [seqhilo] -> [org.hibernate.id.SequenceHiLoGenerator]
11:55:36.773 [main] DEBUG org.hibernate.id.factory.internal.DefaultIdentifierGeneratorFactory - Registering IdentifierGenerator strategy [increment] -> [org.hibernate.id.IncrementGenerator]
11:55:36.773 [main] DEBUG org.hibernate.id.factory.internal.DefaultIdentifierGeneratorFactory - Registering IdentifierGenerator strategy [foreign] -> [org.hibernate.id.ForeignGenerator]
11:55:36.774 [main] DEBUG org.hibernate.id.factory.internal.DefaultIdentifierGeneratorFactory - Registering IdentifierGenerator strategy [sequence-identity] -> [org.hibernate.id.SequenceIdentityGenerator]
11:55:36.774 [main] DEBUG org.hibernate.id.factory.internal.DefaultIdentifierGeneratorFactory - Registering IdentifierGenerator strategy [enhanced-sequence] -> [org.hibernate.id.enhanced.SequenceStyleGenerator]
11:55:36.775 [main] DEBUG org.hibernate.id.factory.internal.DefaultIdentifierGeneratorFactory - Registering IdentifierGenerator strategy [enhanced-table] -> [org.hibernate.id.enhanced.TableGenerator]
11:55:36.782 [main] DEBUG org.springframework.jdbc.datasource.DriverManagerDataSource - Creating new JDBC DriverManager Connection to [jdbc:h2:mem:testDB;DB_CLOSE_DELAY=-1]
11:55:36.931 [main] DEBUG org.hibernate.engine.jdbc.env.internal.JdbcEnvironmentInitiator - Database ->
       name : H2
    version : 1.4.199 (2019-03-13)
      major : 1
      minor : 4
11:55:36.931 [main] DEBUG org.hibernate.engine.jdbc.env.internal.JdbcEnvironmentInitiator - Driver ->
       name : H2 JDBC Driver
    version : 1.4.199 (2019-03-13)
      major : 1
      minor : 4
11:55:36.931 [main] DEBUG org.hibernate.engine.jdbc.env.internal.JdbcEnvironmentInitiator - JDBC version : 4.1
11:55:36.952 [main] INFO org.hibernate.dialect.Dialect - HHH000400: Using dialect: org.hibernate.dialect.H2Dialect
11:55:36.995 [main] DEBUG org.hibernate.engine.jdbc.env.spi.IdentifierHelperBuilder - JDBC driver metadata reported database stores quoted identifiers in neither upper, lower nor mixed case
11:55:37.027 [main] DEBUG org.hibernate.boot.model.relational.Namespace - Created database namespace [logicalName=Name{catalog=null, schema=null}, physicalName=Name{catalog=null, schema=null}]
11:55:37.030 [main] DEBUG org.hibernate.type.spi.TypeConfiguration$Scope - Scoping TypeConfiguration [org.hibernate.type.spi.TypeConfiguration@127f9161] to MetadataBuildingContext [org.hibernate.boot.internal.MetadataBuildingContextRootImpl@2bf94401]
11:55:37.072 [main] DEBUG org.hibernate.cfg.AnnotationBinder - Binding entity from annotated class: com.diana.model.Address
11:55:37.106 [main] DEBUG org.hibernate.cfg.Ejb3Column - Binding column: Ejb3DiscriminatorColumn{logicalColumnName'DTYPE', discriminatorTypeName='string'}
11:55:37.109 [main] DEBUG org.hibernate.cfg.annotations.EntityBinder - Import with entity name Address
11:55:37.112 [main] DEBUG org.hibernate.cfg.annotations.EntityBinder - Bind entity com.diana.model.Address on table addresses
11:55:37.132 [main] DEBUG org.hibernate.cfg.Ejb3Column - Binding column: Ejb3Column{table=org.hibernate.mapping.Table(addresses), mappingColumn=id, insertable=true, updatable=true, unique=false}
11:55:37.150 [main] DEBUG org.hibernate.cfg.Ejb3Column - Binding column: Ejb3JoinColumn{logicalColumnName='null', referencedColumn='null', mappedBy=''}
11:55:37.151 [main] DEBUG org.hibernate.cfg.annotations.PropertyBinder - MetadataSourceProcessor property id with lazy=false
11:55:37.153 [main] DEBUG org.hibernate.cfg.AbstractPropertyHolder - Attempting to locate auto-apply AttributeConverter for property [com.diana.model.Address:id]
11:55:37.157 [main] DEBUG org.hibernate.cfg.annotations.SimpleValueBinder - building SimpleValue for id
11:55:37.161 [main] DEBUG org.hibernate.cfg.annotations.PropertyBinder - Building property id
11:55:37.169 [main] DEBUG org.hibernate.cfg.BinderHelper - #makeIdGenerator(org.hibernate.mapping.SimpleValue([]), id, foreign, Hibernate-local--foreign generator, ...)
11:55:37.171 [main] DEBUG org.hibernate.cfg.Ejb3Column - Binding column: Ejb3Column{table=org.hibernate.mapping.Table(addresses), mappingColumn=city, insertable=true, updatable=true, unique=false}
11:55:37.171 [main] DEBUG org.hibernate.cfg.annotations.PropertyBinder - MetadataSourceProcessor property city with lazy=false
11:55:37.171 [main] DEBUG org.hibernate.cfg.AbstractPropertyHolder - Attempting to locate auto-apply AttributeConverter for property [com.diana.model.Address:city]
11:55:37.171 [main] DEBUG org.hibernate.cfg.annotations.SimpleValueBinder - building SimpleValue for city
11:55:37.173 [main] DEBUG org.hibernate.cfg.annotations.PropertyBinder - Building property city
11:55:37.174 [main] DEBUG org.hibernate.cfg.Ejb3Column - Binding column: Ejb3JoinColumn{logicalColumnName='null', referencedColumn='null', mappedBy=''}
11:55:37.175 [main] DEBUG org.hibernate.cfg.Ejb3Column - Binding column: Ejb3Column{table=org.hibernate.mapping.Table(addresses), mappingColumn=employee, insertable=true, updatable=true, unique=false}
11:55:37.185 [main] DEBUG org.hibernate.cfg.annotations.PropertyBinder - Building property employee
11:55:37.185 [main] DEBUG org.hibernate.cfg.Ejb3Column - Binding column: Ejb3Column{table=org.hibernate.mapping.Table(addresses), mappingColumn=street, insertable=true, updatable=true, unique=false}
11:55:37.185 [main] DEBUG org.hibernate.cfg.annotations.PropertyBinder - MetadataSourceProcessor property street with lazy=false
11:55:37.185 [main] DEBUG org.hibernate.cfg.AbstractPropertyHolder - Attempting to locate auto-apply AttributeConverter for property [com.diana.model.Address:street]
11:55:37.185 [main] DEBUG org.hibernate.cfg.annotations.SimpleValueBinder - building SimpleValue for street
11:55:37.186 [main] DEBUG org.hibernate.cfg.annotations.PropertyBinder - Building property street
11:55:37.187 [main] DEBUG org.hibernate.cfg.AnnotationBinder - Binding entity from annotated class: com.diana.model.Department
11:55:37.187 [main] DEBUG org.hibernate.cfg.Ejb3Column - Binding column: Ejb3DiscriminatorColumn{logicalColumnName'DTYPE', discriminatorTypeName='string'}
11:55:37.188 [main] DEBUG org.hibernate.cfg.annotations.EntityBinder - Import with entity name Department
11:55:37.188 [main] DEBUG org.hibernate.cfg.annotations.EntityBinder - Bind entity com.diana.model.Department on table departments
11:55:37.195 [main] DEBUG org.hibernate.cfg.Ejb3Column - Binding column: Ejb3Column{table=org.hibernate.mapping.Table(departments), mappingColumn=id, insertable=true, updatable=true, unique=false}
11:55:37.196 [main] DEBUG org.hibernate.cfg.annotations.PropertyBinder - MetadataSourceProcessor property id with lazy=false
11:55:37.196 [main] DEBUG org.hibernate.cfg.AbstractPropertyHolder - Attempting to locate auto-apply AttributeConverter for property [com.diana.model.Department:id]
11:55:37.196 [main] DEBUG org.hibernate.cfg.annotations.SimpleValueBinder - building SimpleValue for id
11:55:37.202 [main] DEBUG org.hibernate.cfg.annotations.PropertyBinder - Building property id
11:55:37.203 [main] DEBUG org.hibernate.cfg.BinderHelper - #makeIdGenerator(org.hibernate.mapping.SimpleValue([org.hibernate.mapping.Column(id)]), id, identity, , ...)
11:55:37.203 [main] DEBUG org.hibernate.cfg.Ejb3Column - Binding column: Ejb3JoinColumn{logicalColumnName='null', referencedColumn='null', mappedBy='department'}
11:55:37.203 [main] DEBUG org.hibernate.cfg.Ejb3Column - Binding column: Ejb3Column{table=org.hibernate.mapping.Table(departments), mappingColumn=employees, insertable=true, updatable=true, unique=false}
11:55:37.207 [main] DEBUG org.hibernate.cfg.Ejb3Column - Binding column: Ejb3Column{table=org.hibernate.mapping.Table(departments), mappingColumn=null, insertable=true, updatable=true, unique=false}
11:55:37.217 [main] DEBUG org.hibernate.cfg.Ejb3Column - Binding column: Ejb3Column{table=org.hibernate.mapping.Table(departments), mappingColumn=element, insertable=true, updatable=true, unique=false}
11:55:37.218 [main] DEBUG org.hibernate.cfg.Ejb3Column - Binding column: Ejb3Column{table=org.hibernate.mapping.Table(departments), mappingColumn=employees_KEY, insertable=true, updatable=true, unique=false}
11:55:37.219 [main] DEBUG org.hibernate.cfg.Ejb3Column - Binding column: Ejb3JoinColumn{logicalColumnName='employees_KEY', referencedColumn='null', mappedBy='null'}
11:55:37.220 [main] DEBUG org.hibernate.cfg.Ejb3Column - Binding column: Ejb3JoinColumn{logicalColumnName='null', referencedColumn='null', mappedBy='department'}
11:55:37.220 [main] DEBUG org.hibernate.cfg.Ejb3Column - Binding column: Ejb3JoinColumn{logicalColumnName='null', referencedColumn='null', mappedBy='department'}
11:55:37.220 [main] DEBUG org.hibernate.cfg.annotations.CollectionBinder - Collection role: com.diana.model.Department.employees
11:55:37.222 [main] DEBUG org.hibernate.cfg.annotations.PropertyBinder - Building property employees
11:55:37.223 [main] DEBUG org.hibernate.cfg.Ejb3Column - Binding column: Ejb3Column{table=org.hibernate.mapping.Table(departments), mappingColumn=name, insertable=true, updatable=true, unique=false}
11:55:37.223 [main] DEBUG org.hibernate.cfg.annotations.PropertyBinder - MetadataSourceProcessor property name with lazy=false
11:55:37.223 [main] DEBUG org.hibernate.cfg.AbstractPropertyHolder - Attempting to locate auto-apply AttributeConverter for property [com.diana.model.Department:name]
11:55:37.223 [main] DEBUG org.hibernate.cfg.annotations.SimpleValueBinder - building SimpleValue for name
11:55:37.223 [main] DEBUG org.hibernate.cfg.annotations.PropertyBinder - Building property name
11:55:37.224 [main] DEBUG org.hibernate.cfg.AnnotationBinder - Binding entity from annotated class: com.diana.model.Employee
11:55:37.225 [main] DEBUG org.hibernate.cfg.Ejb3Column - Binding column: Ejb3DiscriminatorColumn{logicalColumnName'DTYPE', discriminatorTypeName='string'}
11:55:37.225 [main] DEBUG org.hibernate.cfg.annotations.EntityBinder - Import with entity name Employee
11:55:37.225 [main] DEBUG org.hibernate.cfg.annotations.EntityBinder - Bind entity com.diana.model.Employee on table employees
11:55:37.227 [main] DEBUG org.hibernate.cfg.Ejb3Column - Binding column: Ejb3Column{table=org.hibernate.mapping.Table(employees), mappingColumn=id, insertable=true, updatable=true, unique=false}
11:55:37.228 [main] DEBUG org.hibernate.cfg.annotations.PropertyBinder - MetadataSourceProcessor property id with lazy=false
11:55:37.228 [main] DEBUG org.hibernate.cfg.AbstractPropertyHolder - Attempting to locate auto-apply AttributeConverter for property [com.diana.model.Employee:id]
11:55:37.229 [main] DEBUG org.hibernate.cfg.annotations.SimpleValueBinder - building SimpleValue for id
11:55:37.229 [main] DEBUG org.hibernate.cfg.annotations.PropertyBinder - Building property id
11:55:37.229 [main] DEBUG org.hibernate.cfg.BinderHelper - #makeIdGenerator(org.hibernate.mapping.SimpleValue([org.hibernate.mapping.Column(id)]), id, identity, , ...)
11:55:37.229 [main] DEBUG org.hibernate.cfg.Ejb3Column - Binding column: Ejb3JoinColumn{logicalColumnName='department_id', referencedColumn='', mappedBy=''}
11:55:37.229 [main] DEBUG org.hibernate.cfg.Ejb3Column - Binding column: Ejb3Column{table=org.hibernate.mapping.Table(employees), mappingColumn=department, insertable=true, updatable=true, unique=false}
11:55:37.230 [main] DEBUG org.hibernate.cfg.annotations.PropertyBinder - Building property department
11:55:37.230 [main] DEBUG org.hibernate.cfg.Ejb3Column - Binding column: Ejb3Column{table=org.hibernate.mapping.Table(employees), mappingColumn=name, insertable=true, updatable=true, unique=false}
11:55:37.230 [main] DEBUG org.hibernate.cfg.annotations.PropertyBinder - MetadataSourceProcessor property name with lazy=false
11:55:37.230 [main] DEBUG org.hibernate.cfg.AbstractPropertyHolder - Attempting to locate auto-apply AttributeConverter for property [com.diana.model.Employee:name]
11:55:37.231 [main] DEBUG org.hibernate.cfg.annotations.SimpleValueBinder - building SimpleValue for name
11:55:37.231 [main] DEBUG org.hibernate.cfg.annotations.PropertyBinder - Building property name
11:55:37.231 [main] DEBUG org.hibernate.cfg.Ejb3Column - Binding column: Ejb3Column{table=org.hibernate.mapping.Table(employees), mappingColumn=phone, insertable=true, updatable=true, unique=false}
11:55:37.231 [main] DEBUG org.hibernate.cfg.annotations.PropertyBinder - MetadataSourceProcessor property phone with lazy=false
11:55:37.231 [main] DEBUG org.hibernate.cfg.AbstractPropertyHolder - Attempting to locate auto-apply AttributeConverter for property [com.diana.model.Employee:phone]
11:55:37.231 [main] DEBUG org.hibernate.cfg.annotations.SimpleValueBinder - building SimpleValue for phone
11:55:37.231 [main] DEBUG org.hibernate.cfg.annotations.PropertyBinder - Building property phone
11:55:37.235 [main] DEBUG org.hibernate.cfg.annotations.SimpleValueBinder - Starting fillSimpleValue for id
11:55:37.235 [main] DEBUG org.hibernate.cfg.annotations.SimpleValueBinder - Starting fillSimpleValue for city
11:55:37.235 [main] DEBUG org.hibernate.cfg.annotations.SimpleValueBinder - Starting fillSimpleValue for street
11:55:37.235 [main] DEBUG org.hibernate.cfg.annotations.SimpleValueBinder - Starting fillSimpleValue for id
11:55:37.235 [main] DEBUG org.hibernate.cfg.annotations.SimpleValueBinder - Starting fillSimpleValue for name
11:55:37.235 [main] DEBUG org.hibernate.cfg.annotations.SimpleValueBinder - Starting fillSimpleValue for id
11:55:37.235 [main] DEBUG org.hibernate.cfg.annotations.SimpleValueBinder - Starting fillSimpleValue for name
11:55:37.235 [main] DEBUG org.hibernate.cfg.annotations.SimpleValueBinder - Starting fillSimpleValue for phone
11:55:37.245 [main] DEBUG org.hibernate.mapping.PrimaryKey - Forcing column [employee_id] to be non-null as it is part of the primary key for table [addresses]
11:55:37.245 [main] DEBUG org.hibernate.mapping.PrimaryKey - Forcing column [id] to be non-null as it is part of the primary key for table [departments]
11:55:37.245 [main] DEBUG org.hibernate.mapping.PrimaryKey - Forcing column [id] to be non-null as it is part of the primary key for table [employees]
11:55:37.245 [main] DEBUG org.hibernate.cfg.CollectionSecondPass - Second pass for collection: com.diana.model.Department.employees
11:55:37.246 [main] DEBUG org.hibernate.cfg.annotations.CollectionBinder - Binding a OneToMany: com.diana.model.Department.employees through a foreign key
11:55:37.247 [main] DEBUG org.hibernate.cfg.annotations.CollectionBinder - Mapping collection: com.diana.model.Department.employees -> employees
11:55:37.248 [main] DEBUG org.hibernate.cfg.annotations.TableBinder - Retrieving property com.diana.model.Employee.department
11:55:37.248 [main] DEBUG org.hibernate.cfg.CollectionSecondPass - Mapped collection key: department_id, one-to-many: com.diana.model.Employee
11:55:37.248 [main] DEBUG org.hibernate.boot.internal.InFlightMetadataCollectorImpl - Resolving reference to class: com.diana.model.Employee
11:55:37.250 [main] DEBUG org.hibernate.boot.internal.InFlightMetadataCollectorImpl - Resolving reference to class: com.diana.model.Department
11:55:37.252 [main] DEBUG org.hibernate.boot.internal.InFlightMetadataCollectorImpl - Resolving reference to class: com.diana.model.Employee
11:55:37.252 [main] DEBUG org.hibernate.boot.internal.InFlightMetadataCollectorImpl - Resolving reference to class: com.diana.model.Department
11:55:37.281 [main] DEBUG org.hibernate.internal.SessionFactoryImpl - Building session factory
11:55:37.282 [main] DEBUG org.hibernate.cfg.Settings - SessionFactory name : null
11:55:37.282 [main] DEBUG org.hibernate.cfg.Settings - Automatic flush during beforeCompletion(): enabled
11:55:37.283 [main] DEBUG org.hibernate.cfg.Settings - Automatic session close at end of transaction: disabled
11:55:37.283 [main] DEBUG org.hibernate.cfg.Settings - Statistics: enabled
11:55:37.283 [main] DEBUG org.hibernate.cfg.Settings - Deleted entity synthetic identifier rollback: disabled
11:55:37.283 [main] DEBUG org.hibernate.cfg.Settings - Default entity-mode: pojo
11:55:37.283 [main] DEBUG org.hibernate.cfg.Settings - Check Nullability in Core (should be disabled when Bean Validation is on): enabled
11:55:37.283 [main] DEBUG org.hibernate.cfg.Settings - Allow initialization of lazy state outside session : disabled
11:55:37.283 [main] DEBUG org.hibernate.cfg.Settings - Using BatchFetchStyle : LEGACY
11:55:37.283 [main] DEBUG org.hibernate.cfg.Settings - Default batch fetch size: -1
11:55:37.283 [main] DEBUG org.hibernate.cfg.Settings - Maximum outer join fetch depth: null
11:55:37.283 [main] DEBUG org.hibernate.cfg.Settings - Default null ordering: NONE
11:55:37.283 [main] DEBUG org.hibernate.cfg.Settings - Order SQL updates by primary key: disabled
11:55:37.283 [main] DEBUG org.hibernate.cfg.Settings - Order SQL inserts for batching: disabled
11:55:37.283 [main] DEBUG org.hibernate.cfg.Settings - multi-tenancy strategy : NONE
11:55:37.283 [main] DEBUG org.hibernate.cfg.Settings - JTA Track by Thread: enabled
11:55:37.283 [main] DEBUG org.hibernate.cfg.Settings - Query language substitutions: {}
11:55:37.284 [main] DEBUG org.hibernate.cfg.Settings - Named query checking : enabled
11:55:37.284 [main] DEBUG org.hibernate.cfg.Settings - Second-level cache: enabled
11:55:37.284 [main] DEBUG org.hibernate.cfg.Settings - Second-level query cache: disabled
11:55:37.284 [main] DEBUG org.hibernate.cfg.Settings - Second-level query cache factory: org.hibernate.cache.internal.StandardTimestampsCacheFactory@763cf5b9
11:55:37.284 [main] DEBUG org.hibernate.cfg.Settings - Second-level cache region prefix: null
11:55:37.284 [main] DEBUG org.hibernate.cfg.Settings - Optimize second-level cache for minimal puts: disabled
11:55:37.284 [main] DEBUG org.hibernate.cfg.Settings - Structured second-level cache entries: disabled
11:55:37.284 [main] DEBUG org.hibernate.cfg.Settings - Second-level cache direct-reference entries: disabled
11:55:37.284 [main] DEBUG org.hibernate.cfg.Settings - Automatic eviction of collection cache: disabled
11:55:37.284 [main] DEBUG org.hibernate.cfg.Settings - JDBC batch size: 15
11:55:37.284 [main] DEBUG org.hibernate.cfg.Settings - JDBC batch updates for versioned data: enabled
11:55:37.284 [main] DEBUG org.hibernate.cfg.Settings - Scrollable result sets: enabled
11:55:37.284 [main] DEBUG org.hibernate.cfg.Settings - Wrap result sets: disabled
11:55:37.284 [main] DEBUG org.hibernate.cfg.Settings - JDBC3 getGeneratedKeys(): enabled
11:55:37.284 [main] DEBUG org.hibernate.cfg.Settings - JDBC result set fetch size: null
11:55:37.285 [main] DEBUG org.hibernate.cfg.Settings - Connection release mode: ON_CLOSE
11:55:37.285 [main] DEBUG org.hibernate.cfg.Settings - Generate SQL with comments: disabled
11:55:37.285 [main] DEBUG org.hibernate.cfg.Settings - JPA compliance - query : 
11:55:37.285 [main] DEBUG org.hibernate.cfg.Settings - JPA compliance - closed-handling : 
11:55:37.285 [main] DEBUG org.hibernate.cfg.Settings - JPA compliance - lists : 
11:55:37.285 [main] DEBUG org.hibernate.cfg.Settings - JPA compliance - transactions : 
11:55:37.342 [main] WARN net.sf.ehcache.config.ConfigurationFactory - No configuration found. Configuring ehcache from ehcache-failsafe.xml  found in the classpath: jar:file:/C:/Users/ishipitc/.m2/repository/net/sf/ehcache/ehcache/2.10.6/ehcache-2.10.6.jar!/ehcache-failsafe.xml
11:55:37.343 [main] DEBUG net.sf.ehcache.config.ConfigurationFactory - Configuring ehcache from URL: jar:file:/C:/Users/ishipitc/.m2/repository/net/sf/ehcache/ehcache/2.10.6/ehcache-2.10.6.jar!/ehcache-failsafe.xml
11:55:37.344 [main] DEBUG net.sf.ehcache.config.ConfigurationFactory - Configuring ehcache from InputStream
11:55:37.430 [main] DEBUG net.sf.ehcache.config.BeanHandler - Ignoring ehcache attribute xmlns:xsi
11:55:37.430 [main] DEBUG net.sf.ehcache.config.BeanHandler - Ignoring ehcache attribute xsi:noNamespaceSchemaLocation
11:55:37.434 [main] DEBUG net.sf.ehcache.config.DiskStoreConfiguration - Disk Store Path: C:\Users\ishipitc\AppData\Local\Temp\
11:55:37.457 [main] DEBUG net.sf.ehcache.util.PropertyUtil - propertiesString is null.
11:55:37.468 [main] DEBUG net.sf.ehcache.config.ConfigurationHelper - No CacheManagerEventListenerFactory class specified. Skipping...
11:55:37.517 [main] DEBUG net.sf.ehcache.Cache - No BootstrapCacheLoaderFactory class specified. Skipping...
11:55:37.517 [main] DEBUG net.sf.ehcache.Cache - CacheWriter factory not configured. Skipping...
11:55:37.517 [main] DEBUG net.sf.ehcache.config.ConfigurationHelper - No CacheExceptionHandlerFactory class specified. Skipping...
11:55:37.533 [main] DEBUG org.hibernate.internal.SessionFactoryImpl - Session factory constructed with filter configurations : {}
11:55:37.533 [main] DEBUG org.hibernate.internal.SessionFactoryImpl - Instantiating session factory with properties: {sun.desktop=windows, awt.toolkit=sun.awt.windows.WToolkit, hibernate.format_sql=true, java.specification.version=11, sun.cpu.isalist=amd64, hibernate.resource.beans.container=org.springframework.orm.hibernate5.SpringBeanContainer@1cf0cacc, hibernate.connection.handling_mode=DELAYED_ACQUISITION_AND_HOLD, sun.jnu.encoding=Cp1251, java.class.path=C:\Users\ishipitc\IdeaProjects\TestThang\target\test-classes;C:\Users\ishipitc\IdeaProjects\TestThang\target\classes;C:\Users\ishipitc\.m2\repository\org\springframework\spring-context-support\5.1.9.RELEASE\spring-context-support-5.1.9.RELEASE.jar;C:\Users\ishipitc\.m2\repository\org\springframework\spring-beans\5.1.9.RELEASE\spring-beans-5.1.9.RELEASE.jar;C:\Users\ishipitc\.m2\repository\org\springframework\spring-context\5.1.9.RELEASE\spring-context-5.1.9.RELEASE.jar;C:\Users\ishipitc\.m2\repository\org\springframework\spring-core\5.1.9.RELEASE\spring-core-5.1.9.RELEASE.jar;C:\Users\ishipitc\.m2\repository\org\springframework\spring-jcl\5.1.9.RELEASE\spring-jcl-5.1.9.RELEASE.jar;C:\Users\ishipitc\.m2\repository\org\springframework\spring-webmvc\5.1.9.RELEASE\spring-webmvc-5.1.9.RELEASE.jar;C:\Users\ishipitc\.m2\repository\org\springframework\spring-aop\5.1.9.RELEASE\spring-aop-5.1.9.RELEASE.jar;C:\Users\ishipitc\.m2\repository\org\springframework\spring-expression\5.1.9.RELEASE\spring-expression-5.1.9.RELEASE.jar;C:\Users\ishipitc\.m2\repository\org\springframework\spring-web\5.1.9.RELEASE\spring-web-5.1.9.RELEASE.jar;C:\Users\ishipitc\.m2\repository\org\springframework\spring-orm\5.1.9.RELEASE\spring-orm-5.1.9.RELEASE.jar;C:\Users\ishipitc\.m2\repository\org\springframework\spring-jdbc\5.1.9.RELEASE\spring-jdbc-5.1.9.RELEASE.jar;C:\Users\ishipitc\.m2\repository\org\springframework\spring-tx\5.1.9.RELEASE\spring-tx-5.1.9.RELEASE.jar;C:\Users\ishipitc\.m2\repository\org\springframework\spring-test\5.1.9.RELEASE\spring-test-5.1.9.RELEASE.jar;C:\Users\ishipitc\.m2\repository\com\github\springtestdbunit\spring-test-dbunit\1.3.0\spring-test-dbunit-1.3.0.jar;C:\Users\ishipitc\.m2\repository\org\hibernate\hibernate-core\5.4.3.Final\hibernate-core-5.4.3.Final.jar;C:\Users\ishipitc\.m2\repository\org\jboss\logging\jboss-logging\3.3.2.Final\jboss-logging-3.3.2.Final.jar;C:\Users\ishipitc\.m2\repository\javax\persistence\javax.persistence-api\2.2\javax.persistence-api-2.2.jar;C:\Users\ishipitc\.m2\repository\org\javassist\javassist\3.24.0-GA\javassist-3.24.0-GA.jar;C:\Users\ishipitc\.m2\repository\net\bytebuddy\byte-buddy\1.9.10\byte-buddy-1.9.10.jar;C:\Users\ishipitc\.m2\repository\antlr\antlr\2.7.7\antlr-2.7.7.jar;C:\Users\ishipitc\.m2\repository\org\jboss\spec\javax\transaction\jboss-transaction-api_1.2_spec\1.1.1.Final\jboss-transaction-api_1.2_spec-1.1.1.Final.jar;C:\Users\ishipitc\.m2\repository\org\jboss\jandex\2.0.5.Final\jandex-2.0.5.Final.jar;C:\Users\ishipitc\.m2\repository\com\fasterxml\classmate\1.3.4\classmate-1.3.4.jar;C:\Users\ishipitc\.m2\repository\javax\activation\javax.activation-api\1.2.0\javax.activation-api-1.2.0.jar;C:\Users\ishipitc\.m2\repository\org\dom4j\dom4j\2.1.1\dom4j-2.1.1.jar;C:\Users\ishipitc\.m2\repository\org\hibernate\common\hibernate-commons-annotations\5.1.0.Final\hibernate-commons-annotations-5.1.0.Final.jar;C:\Users\ishipitc\.m2\repository\javax\xml\bind\jaxb-api\2.3.1\jaxb-api-2.3.1.jar;C:\Users\ishipitc\.m2\repository\org\glassfish\jaxb\jaxb-runtime\2.3.1\jaxb-runtime-2.3.1.jar;C:\Users\ishipitc\.m2\repository\org\glassfish\jaxb\txw2\2.3.1\txw2-2.3.1.jar;C:\Users\ishipitc\.m2\repository\com\sun\istack\istack-commons-runtime\3.0.7\istack-commons-runtime-3.0.7.jar;C:\Users\ishipitc\.m2\repository\org\jvnet\staxex\stax-ex\1.8\stax-ex-1.8.jar;C:\Users\ishipitc\.m2\repository\com\sun\xml\fastinfoset\FastInfoset\1.2.15\FastInfoset-1.2.15.jar;C:\Users\ishipitc\.m2\repository\org\hibernate\validator\hibernate-validator\6.0.17.Final\hibernate-validator-6.0.17.Final.jar;C:\Users\ishipitc\.m2\repository\javax\validation\validation-api\2.0.1.Final\validation-api-2.0.1.Final.jar;C:\Users\ishipitc\.m2\repository\org\hibernate\hibernate-ehcache\5.4.3.Final\hibernate-ehcache-5.4.3.Final.jar;C:\Users\ishipitc\.m2\repository\net\sf\ehcache\ehcache\2.10.6\ehcache-2.10.6.jar;C:\Users\ishipitc\.m2\repository\com\h2database\h2\1.4.199\h2-1.4.199.jar;C:\Users\ishipitc\.m2\repository\junit\junit\4.12\junit-4.12.jar;C:\Users\ishipitc\.m2\repository\org\hamcrest\hamcrest-core\1.3\hamcrest-core-1.3.jar;C:\Users\ishipitc\.m2\repository\org\eclipse\jetty\jetty-server\9.4.20.v20190813\jetty-server-9.4.20.v20190813.jar;C:\Users\ishipitc\.m2\repository\org\eclipse\jetty\jetty-http\9.4.20.v20190813\jetty-http-9.4.20.v20190813.jar;C:\Users\ishipitc\.m2\repository\org\eclipse\jetty\jetty-util\9.4.20.v20190813\jetty-util-9.4.20.v20190813.jar;C:\Users\ishipitc\.m2\repository\org\eclipse\jetty\jetty-io\9.4.20.v20190813\jetty-io-9.4.20.v20190813.jar;C:\Users\ishipitc\.m2\repository\org\eclipse\jetty\jetty-servlet\9.4.20.v20190813\jetty-servlet-9.4.20.v20190813.jar;C:\Users\ishipitc\.m2\repository\org\eclipse\jetty\jetty-security\9.4.20.v20190813\jetty-security-9.4.20.v20190813.jar;C:\Users\ishipitc\.m2\repository\org\eclipse\jetty\jetty-webapp\9.4.20.v20190813\jetty-webapp-9.4.20.v20190813.jar;C:\Users\ishipitc\.m2\repository\org\eclipse\jetty\jetty-xml\9.4.20.v20190813\jetty-xml-9.4.20.v20190813.jar;C:\Users\ishipitc\.m2\repository\org\mockito\mockito-core\3.0.0\mockito-core-3.0.0.jar;C:\Users\ishipitc\.m2\repository\net\bytebuddy\byte-buddy-agent\1.9.10\byte-buddy-agent-1.9.10.jar;C:\Users\ishipitc\.m2\repository\org\objenesis\objenesis\2.6\objenesis-2.6.jar;C:\Users\ishipitc\.m2\repository\org\dbunit\dbunit\2.6.0\dbunit-2.6.0.jar;C:\Users\ishipitc\.m2\repository\org\slf4j\slf4j-api\1.7.25\slf4j-api-1.7.25.jar;C:\Users\ishipitc\.m2\repository\commons-collections\commons-collections\3.2.2\commons-collections-3.2.2.jar;C:\Users\ishipitc\.m2\repository\org\apache\poi\poi-ooxml\3.17\poi-ooxml-3.17.jar;C:\Users\ishipitc\.m2\repository\org\apache\poi\poi\3.17\poi-3.17.jar;C:\Users\ishipitc\.m2\repository\commons-codec\commons-codec\1.10\commons-codec-1.10.jar;C:\Users\ishipitc\.m2\repository\org\apache\commons\commons-collections4\4.1\commons-collections4-4.1.jar;C:\Users\ishipitc\.m2\repository\org\apache\poi\poi-ooxml-schemas\3.17\poi-ooxml-schemas-3.17.jar;C:\Users\ishipitc\.m2\repository\org\apache\xmlbeans\xmlbeans\2.6.0\xmlbeans-2.6.0.jar;C:\Users\ishipitc\.m2\repository\stax\stax-api\1.0.1\stax-api-1.0.1.jar;C:\Users\ishipitc\.m2\repository\com\github\virtuald\curvesapi\1.04\curvesapi-1.04.jar;C:\Users\ishipitc\.m2\repository\postgresql\postgresql\8.4-701.jdbc3\postgresql-8.4-701.jdbc3.jar;C:\Users\ishipitc\.m2\repository\org\hamcrest\hamcrest-all\1.3\hamcrest-all-1.3.jar;C:\Users\ishipitc\.m2\repository\com\jayway\jsonpath\json-path\2.1.0\json-path-2.1.0.jar;C:\Users\ishipitc\.m2\repository\net\minidev\json-smart\2.2\json-smart-2.2.jar;C:\Users\ishipitc\.m2\repository\net\minidev\accessors-smart\1.1\accessors-smart-1.1.jar;C:\Users\ishipitc\.m2\repository\org\ow2\asm\asm\5.0.3\asm-5.0.3.jar;C:\Users\ishipitc\.m2\repository\com\jayway\jsonpath\json-path-assert\2.4.0\json-path-assert-2.4.0.jar;C:\Users\ishipitc\.m2\repository\org\hamcrest\hamcrest-library\1.3\hamcrest-library-1.3.jar;C:\Users\ishipitc\.m2\repository\org\glassfish\javax.el\3.0.1-b11\javax.el-3.0.1-b11.jar;C:\Users\ishipitc\.m2\repository\javax\servlet\javax.servlet-api\4.0.1\javax.servlet-api-4.0.1.jar;C:\Users\ishipitc\.m2\repository\jstl\jstl\1.2\jstl-1.2.jar;C:\Users\ishipitc\.m2\repository\com\fasterxml\jackson\core\jackson-core\2.10.0.pr3\jackson-core-2.10.0.pr3.jar;C:\Users\ishipitc\.m2\repository\com\fasterxml\jackson\core\jackson-databind\2.10.0.pr3\jackson-databind-2.10.0.pr3.jar;C:\Users\ishipitc\.m2\repository\com\fasterxml\jackson\core\jackson-annotations\2.10.0.pr3\jackson-annotations-2.10.0.pr3.jar;C:\Users\ishipitc\.m2\repository\ch\qos\logback\logback-classic\1.2.3\logback-classic-1.2.3.jar;C:\Users\ishipitc\.m2\repository\ch\qos\logback\logback-core\1.2.3\logback-core-1.2.3.jar;C:\Users\ishipitc\.m2\repository\org\seleniumhq\selenium\selenium-java\3.141.59\selenium-java-3.141.59.jar;C:\Users\ishipitc\.m2\repository\org\seleniumhq\selenium\selenium-api\3.141.59\selenium-api-3.141.59.jar;C:\Users\ishipitc\.m2\repository\org\seleniumhq\selenium\selenium-chrome-driver\3.141.59\selenium-chrome-driver-3.141.59.jar;C:\Users\ishipitc\.m2\repository\org\seleniumhq\selenium\selenium-edge-driver\3.141.59\selenium-edge-driver-3.141.59.jar;C:\Users\ishipitc\.m2\repository\org\seleniumhq\selenium\selenium-firefox-driver\3.141.59\selenium-firefox-driver-3.141.59.jar;C:\Users\ishipitc\.m2\repository\org\seleniumhq\selenium\selenium-ie-driver\3.141.59\selenium-ie-driver-3.141.59.jar;C:\Users\ishipitc\.m2\repository\org\seleniumhq\selenium\selenium-opera-driver\3.141.59\selenium-opera-driver-3.141.59.jar;C:\Users\ishipitc\.m2\repository\org\seleniumhq\selenium\selenium-remote-driver\3.141.59\selenium-remote-driver-3.141.59.jar;C:\Users\ishipitc\.m2\repository\org\seleniumhq\selenium\selenium-safari-driver\3.141.59\selenium-safari-driver-3.141.59.jar;C:\Users\ishipitc\.m2\repository\org\seleniumhq\selenium\selenium-support\3.141.59\selenium-support-3.141.59.jar;C:\Users\ishipitc\.m2\repository\org\apache\commons\commons-exec\1.3\commons-exec-1.3.jar;C:\Users\ishipitc\.m2\repository\com\google\guava\guava\25.0-jre\guava-25.0-jre.jar;C:\Users\ishipitc\.m2\repository\com\google\code\findbugs\jsr305\1.3.9\jsr305-1.3.9.jar;C:\Users\ishipitc\.m2\repository\org\checkerframework\checker-compat-qual\2.0.0\checker-compat-qual-2.0.0.jar;C:\Users\ishipitc\.m2\repository\com\google\errorprone\error_prone_annotations\2.1.3\error_prone_annotations-2.1.3.jar;C:\Users\ishipitc\.m2\repository\com\google\j2objc\j2objc-annotations\1.1\j2objc-annotations-1.1.jar;C:\Users\ishipitc\.m2\repository\org\codehaus\mojo\animal-sniffer-annotations\1.14\animal-sniffer-annotations-1.14.jar;C:\Users\ishipitc\.m2\repository\com\squareup\okhttp3\okhttp\3.11.0\okhttp-3.11.0.jar;C:\Users\ishipitc\.m2\repository\com\squareup\okio\okio\1.14.0\okio-1.14.0.jar;, java.vm.vendor=JetBrains s.r.o, sun.arch.data.model=64, user.variant=, java.vendor.url=https://www.jetbrains.com/, user.timezone=Europe/Moscow, user.country.format=RU, os.name=Windows 10, java.vm.specification.version=11, hibernate.generate_statistics=true, sun.java.launcher=SUN_STANDARD, user.country=US, sun.boot.library.path=C:\Users\ishipitc\AppData\Local\JetBrains\IntelliJ IDEA 2019.2.3\jbr\bin, sun.java.command=C:\Users\ishipitc\AppData\Local\Temp\surefire7332412643428917413\surefirebooter15084417956403809797.jar C:\Users\ishipitc\AppData\Local\Temp\surefire7332412643428917413 2019-10-21T11-55-33_859-jvmRun1 surefire16546966156123132071tmp surefire_07820736643780986987tmp, jdk.debug=release, spring.jpa.properties.hibernate.dialect=org.hibernate.dialect.H2Dialect, surefire.test.class.path=C:\Users\ishipitc\IdeaProjects\TestThang\target\test-classes;C:\Users\ishipitc\IdeaProjects\TestThang\target\classes;C:\Users\ishipitc\.m2\repository\org\springframework\spring-context-support\5.1.9.RELEASE\spring-context-support-5.1.9.RELEASE.jar;C:\Users\ishipitc\.m2\repository\org\springframework\spring-beans\5.1.9.RELEASE\spring-beans-5.1.9.RELEASE.jar;C:\Users\ishipitc\.m2\repository\org\springframework\spring-context\5.1.9.RELEASE\spring-context-5.1.9.RELEASE.jar;C:\Users\ishipitc\.m2\repository\org\springframework\spring-core\5.1.9.RELEASE\spring-core-5.1.9.RELEASE.jar;C:\Users\ishipitc\.m2\repository\org\springframework\spring-jcl\5.1.9.RELEASE\spring-jcl-5.1.9.RELEASE.jar;C:\Users\ishipitc\.m2\repository\org\springframework\spring-webmvc\5.1.9.RELEASE\spring-webmvc-5.1.9.RELEASE.jar;C:\Users\ishipitc\.m2\repository\org\springframework\spring-aop\5.1.9.RELEASE\spring-aop-5.1.9.RELEASE.jar;C:\Users\ishipitc\.m2\repository\org\springframework\spring-expression\5.1.9.RELEASE\spring-expression-5.1.9.RELEASE.jar;C:\Users\ishipitc\.m2\repository\org\springframework\spring-web\5.1.9.RELEASE\spring-web-5.1.9.RELEASE.jar;C:\Users\ishipitc\.m2\repository\org\springframework\spring-orm\5.1.9.RELEASE\spring-orm-5.1.9.RELEASE.jar;C:\Users\ishipitc\.m2\repository\org\springframework\spring-jdbc\5.1.9.RELEASE\spring-jdbc-5.1.9.RELEASE.jar;C:\Users\ishipitc\.m2\repository\org\springframework\spring-tx\5.1.9.RELEASE\spring-tx-5.1.9.RELEASE.jar;C:\Users\ishipitc\.m2\repository\org\springframework\spring-test\5.1.9.RELEASE\spring-test-5.1.9.RELEASE.jar;C:\Users\ishipitc\.m2\repository\com\github\springtestdbunit\spring-test-dbunit\1.3.0\spring-test-dbunit-1.3.0.jar;C:\Users\ishipitc\.m2\repository\org\hibernate\hibernate-core\5.4.3.Final\hibernate-core-5.4.3.Final.jar;C:\Users\ishipitc\.m2\repository\org\jboss\logging\jboss-logging\3.3.2.Final\jboss-logging-3.3.2.Final.jar;C:\Users\ishipitc\.m2\repository\javax\persistence\javax.persistence-api\2.2\javax.persistence-api-2.2.jar;C:\Users\ishipitc\.m2\repository\org\javassist\javassist\3.24.0-GA\javassist-3.24.0-GA.jar;C:\Users\ishipitc\.m2\repository\net\bytebuddy\byte-buddy\1.9.10\byte-buddy-1.9.10.jar;C:\Users\ishipitc\.m2\repository\antlr\antlr\2.7.7\antlr-2.7.7.jar;C:\Users\ishipitc\.m2\repository\org\jboss\spec\javax\transaction\jboss-transaction-api_1.2_spec\1.1.1.Final\jboss-transaction-api_1.2_spec-1.1.1.Final.jar;C:\Users\ishipitc\.m2\repository\org\jboss\jandex\2.0.5.Final\jandex-2.0.5.Final.jar;C:\Users\ishipitc\.m2\repository\com\fasterxml\classmate\1.3.4\classmate-1.3.4.jar;C:\Users\ishipitc\.m2\repository\javax\activation\javax.activation-api\1.2.0\javax.activation-api-1.2.0.jar;C:\Users\ishipitc\.m2\repository\org\dom4j\dom4j\2.1.1\dom4j-2.1.1.jar;C:\Users\ishipitc\.m2\repository\org\hibernate\common\hibernate-commons-annotations\5.1.0.Final\hibernate-commons-annotations-5.1.0.Final.jar;C:\Users\ishipitc\.m2\repository\javax\xml\bind\jaxb-api\2.3.1\jaxb-api-2.3.1.jar;C:\Users\ishipitc\.m2\repository\org\glassfish\jaxb\jaxb-runtime\2.3.1\jaxb-runtime-2.3.1.jar;C:\Users\ishipitc\.m2\repository\org\glassfish\jaxb\txw2\2.3.1\txw2-2.3.1.jar;C:\Users\ishipitc\.m2\repository\com\sun\istack\istack-commons-runtime\3.0.7\istack-commons-runtime-3.0.7.jar;C:\Users\ishipitc\.m2\repository\org\jvnet\staxex\stax-ex\1.8\stax-ex-1.8.jar;C:\Users\ishipitc\.m2\repository\com\sun\xml\fastinfoset\FastInfoset\1.2.15\FastInfoset-1.2.15.jar;C:\Users\ishipitc\.m2\repository\org\hibernate\validator\hibernate-validator\6.0.17.Final\hibernate-validator-6.0.17.Final.jar;C:\Users\ishipitc\.m2\repository\javax\validation\validation-api\2.0.1.Final\validation-api-2.0.1.Final.jar;C:\Users\ishipitc\.m2\repository\org\hibernate\hibernate-ehcache\5.4.3.Final\hibernate-ehcache-5.4.3.Final.jar;C:\Users\ishipitc\.m2\repository\net\sf\ehcache\ehcache\2.10.6\ehcache-2.10.6.jar;C:\Users\ishipitc\.m2\repository\com\h2database\h2\1.4.199\h2-1.4.199.jar;C:\Users\ishipitc\.m2\repository\junit\junit\4.12\junit-4.12.jar;C:\Users\ishipitc\.m2\repository\org\hamcrest\hamcrest-core\1.3\hamcrest-core-1.3.jar;C:\Users\ishipitc\.m2\repository\org\eclipse\jetty\jetty-server\9.4.20.v20190813\jetty-server-9.4.20.v20190813.jar;C:\Users\ishipitc\.m2\repository\org\eclipse\jetty\jetty-http\9.4.20.v20190813\jetty-http-9.4.20.v20190813.jar;C:\Users\ishipitc\.m2\repository\org\eclipse\jetty\jetty-util\9.4.20.v20190813\jetty-util-9.4.20.v20190813.jar;C:\Users\ishipitc\.m2\repository\org\eclipse\jetty\jetty-io\9.4.20.v20190813\jetty-io-9.4.20.v20190813.jar;C:\Users\ishipitc\.m2\repository\org\eclipse\jetty\jetty-servlet\9.4.20.v20190813\jetty-servlet-9.4.20.v20190813.jar;C:\Users\ishipitc\.m2\repository\org\eclipse\jetty\jetty-security\9.4.20.v20190813\jetty-security-9.4.20.v20190813.jar;C:\Users\ishipitc\.m2\repository\org\eclipse\jetty\jetty-webapp\9.4.20.v20190813\jetty-webapp-9.4.20.v20190813.jar;C:\Users\ishipitc\.m2\repository\org\eclipse\jetty\jetty-xml\9.4.20.v20190813\jetty-xml-9.4.20.v20190813.jar;C:\Users\ishipitc\.m2\repository\org\mockito\mockito-core\3.0.0\mockito-core-3.0.0.jar;C:\Users\ishipitc\.m2\repository\net\bytebuddy\byte-buddy-agent\1.9.10\byte-buddy-agent-1.9.10.jar;C:\Users\ishipitc\.m2\repository\org\objenesis\objenesis\2.6\objenesis-2.6.jar;C:\Users\ishipitc\.m2\repository\org\dbunit\dbunit\2.6.0\dbunit-2.6.0.jar;C:\Users\ishipitc\.m2\repository\org\slf4j\slf4j-api\1.7.25\slf4j-api-1.7.25.jar;C:\Users\ishipitc\.m2\repository\commons-collections\commons-collections\3.2.2\commons-collections-3.2.2.jar;C:\Users\ishipitc\.m2\repository\org\apache\poi\poi-ooxml\3.17\poi-ooxml-3.17.jar;C:\Users\ishipitc\.m2\repository\org\apache\poi\poi\3.17\poi-3.17.jar;C:\Users\ishipitc\.m2\repository\commons-codec\commons-codec\1.10\commons-codec-1.10.jar;C:\Users\ishipitc\.m2\repository\org\apache\commons\commons-collections4\4.1\commons-collections4-4.1.jar;C:\Users\ishipitc\.m2\repository\org\apache\poi\poi-ooxml-schemas\3.17\poi-ooxml-schemas-3.17.jar;C:\Users\ishipitc\.m2\repository\org\apache\xmlbeans\xmlbeans\2.6.0\xmlbeans-2.6.0.jar;C:\Users\ishipitc\.m2\repository\stax\stax-api\1.0.1\stax-api-1.0.1.jar;C:\Users\ishipitc\.m2\repository\com\github\virtuald\curvesapi\1.04\curvesapi-1.04.jar;C:\Users\ishipitc\.m2\repository\postgresql\postgresql\8.4-701.jdbc3\postgresql-8.4-701.jdbc3.jar;C:\Users\ishipitc\.m2\repository\org\hamcrest\hamcrest-all\1.3\hamcrest-all-1.3.jar;C:\Users\ishipitc\.m2\repository\com\jayway\jsonpath\json-path\2.1.0\json-path-2.1.0.jar;C:\Users\ishipitc\.m2\repository\net\minidev\json-smart\2.2\json-smart-2.2.jar;C:\Users\ishipitc\.m2\repository\net\minidev\accessors-smart\1.1\accessors-smart-1.1.jar;C:\Users\ishipitc\.m2\repository\org\ow2\asm\asm\5.0.3\asm-5.0.3.jar;C:\Users\ishipitc\.m2\repository\com\jayway\jsonpath\json-path-assert\2.4.0\json-path-assert-2.4.0.jar;C:\Users\ishipitc\.m2\repository\org\hamcrest\hamcrest-library\1.3\hamcrest-library-1.3.jar;C:\Users\ishipitc\.m2\repository\org\glassfish\javax.el\3.0.1-b11\javax.el-3.0.1-b11.jar;C:\Users\ishipitc\.m2\repository\javax\servlet\javax.servlet-api\4.0.1\javax.servlet-api-4.0.1.jar;C:\Users\ishipitc\.m2\repository\jstl\jstl\1.2\jstl-1.2.jar;C:\Users\ishipitc\.m2\repository\com\fasterxml\jackson\core\jackson-core\2.10.0.pr3\jackson-core-2.10.0.pr3.jar;C:\Users\ishipitc\.m2\repository\com\fasterxml\jackson\core\jackson-databind\2.10.0.pr3\jackson-databind-2.10.0.pr3.jar;C:\Users\ishipitc\.m2\repository\com\fasterxml\jackson\core\jackson-annotations\2.10.0.pr3\jackson-annotations-2.10.0.pr3.jar;C:\Users\ishipitc\.m2\repository\ch\qos\logback\logback-classic\1.2.3\logback-classic-1.2.3.jar;C:\Users\ishipitc\.m2\repository\ch\qos\logback\logback-core\1.2.3\logback-core-1.2.3.jar;C:\Users\ishipitc\.m2\repository\org\seleniumhq\selenium\selenium-java\3.141.59\selenium-java-3.141.59.jar;C:\Users\ishipitc\.m2\repository\org\seleniumhq\selenium\selenium-api\3.141.59\selenium-api-3.141.59.jar;C:\Users\ishipitc\.m2\repository\org\seleniumhq\selenium\selenium-chrome-driver\3.141.59\selenium-chrome-driver-3.141.59.jar;C:\Users\ishipitc\.m2\repository\org\seleniumhq\selenium\selenium-edge-driver\3.141.59\selenium-edge-driver-3.141.59.jar;C:\Users\ishipitc\.m2\repository\org\seleniumhq\selenium\selenium-firefox-driver\3.141.59\selenium-firefox-driver-3.141.59.jar;C:\Users\ishipitc\.m2\repository\org\seleniumhq\selenium\selenium-ie-driver\3.141.59\selenium-ie-driver-3.141.59.jar;C:\Users\ishipitc\.m2\repository\org\seleniumhq\selenium\selenium-opera-driver\3.141.59\selenium-opera-driver-3.141.59.jar;C:\Users\ishipitc\.m2\repository\org\seleniumhq\selenium\selenium-remote-driver\3.141.59\selenium-remote-driver-3.141.59.jar;C:\Users\ishipitc\.m2\repository\org\seleniumhq\selenium\selenium-safari-driver\3.141.59\selenium-safari-driver-3.141.59.jar;C:\Users\ishipitc\.m2\repository\org\seleniumhq\selenium\selenium-support\3.141.59\selenium-support-3.141.59.jar;C:\Users\ishipitc\.m2\repository\org\apache\commons\commons-exec\1.3\commons-exec-1.3.jar;C:\Users\ishipitc\.m2\repository\com\google\guava\guava\25.0-jre\guava-25.0-jre.jar;C:\Users\ishipitc\.m2\repository\com\google\code\findbugs\jsr305\1.3.9\jsr305-1.3.9.jar;C:\Users\ishipitc\.m2\repository\org\checkerframework\checker-compat-qual\2.0.0\checker-compat-qual-2.0.0.jar;C:\Users\ishipitc\.m2\repository\com\google\errorprone\error_prone_annotations\2.1.3\error_prone_annotations-2.1.3.jar;C:\Users\ishipitc\.m2\repository\com\google\j2objc\j2objc-annotations\1.1\j2objc-annotations-1.1.jar;C:\Users\ishipitc\.m2\repository\org\codehaus\mojo\animal-sniffer-annotations\1.14\animal-sniffer-annotations-1.14.jar;C:\Users\ishipitc\.m2\repository\com\squareup\okhttp3\okhttp\3.11.0\okhttp-3.11.0.jar;C:\Users\ishipitc\.m2\repository\com\squareup\okio\okio\1.14.0\okio-1.14.0.jar;, sun.cpu.endian=little, user.home=C:\Users\ishipitc, user.language=en, java.specification.vendor=Oracle Corporation, java.version.date=2019-07-16, java.home=C:\Users\ishipitc\AppData\Local\JetBrains\IntelliJ IDEA 2019.2.3\jbr, file.separator=\, basedir=C:\Users\ishipitc\IdeaProjects\TestThang, java.vm.compressedOopsMode=Zero based, line.separator=
, idea.version2019.2.3=true, java.specification.name=Java Platform API Specification, java.vm.specification.vendor=Oracle Corporation, java.awt.graphicsenv=sun.awt.Win32GraphicsEnvironment, hibernate.cache.region.factory_class=org.hibernate.cache.ehcache.EhCacheRegionFactory, surefire.real.class.path=C:\Users\ishipitc\AppData\Local\Temp\surefire7332412643428917413\surefirebooter15084417956403809797.jar, user.script=, sun.management.compiler=HotSpot 64-Bit Tiered Compilers, java.runtime.version=11.0.4+10-b304.69, user.name=ishipitc, path.separator=;, os.version=10.0, java.runtime.name=OpenJDK Runtime Environment, file.encoding=Cp1251, java.vm.name=OpenJDK 64-Bit Server VM, hibernate.show_sql=true, hibernate.classLoaders=[jdk.internal.loader.ClassLoaders$AppClassLoader@8bcc55f], hibernate.current_session_context_class=org.springframework.orm.hibernate5.SpringSessionContext, localRepository=C:\Users\ishipitc\.m2\repository, java.vendor.url.bug=https://youtrack.jetbrains.com, java.io.tmpdir=C:\Users\ishipitc\AppData\Local\Temp\, java.version=11.0.4, user.dir=C:\Users\ishipitc\IdeaProjects\TestThang, os.arch=amd64, java.vm.specification.name=Java Virtual Machine Specification, java.awt.printerjob=sun.awt.windows.WPrinterJob, user.language.format=ru, sun.os.patch.level=, hibernate.boot.CfgXmlAccessService.key=org.hibernate.boot.cfgxml.spi.LoadedConfig@4f5b08d, hibernate.cache.use_second_level_cache=true, java.library.path=C:\Users\ishipitc\AppData\Local\JetBrains\IntelliJ IDEA 2019.2.3\jbr\bin;C:\WINDOWS\Sun\Java\bin;C:\WINDOWS\system32;C:\WINDOWS;C:\Program Files (x86)\Common Files\Oracle\Java\javapath;C:\ProgramData\Oracle\Java\javapath;C:\WINDOWS\system32;C:\WINDOWS;C:\WINDOWS\System32\Wbem;C:\WINDOWS\System32\WindowsPowerShell\v1.0\;C:\WINDOWS\System32\OpenSSH\;C:\Program Files\TortoiseSVN\bin;C:\Program Files (x86)\Sennheiser\SoftphoneSDK\;C:\Program Files (x86)\WebEx\Productivity Tools;C:\Program Files\Intel\WiFi\bin\;C:\Program Files\Common Files\Intel\WirelessCommon\;C:\Program Files\Git\cmd;C:\Users\ishipitc\AppData\Local\Microsoft\WindowsApps;C:\Users\ishipitc\AppData\Local\GitHubDesktop\bin;., java.vendor=JetBrains s.r.o, java.vm.info=mixed mode, sharing, java.vm.version=11.0.4+10-b304.69, hibernate.bytecode.use_reflection_optimizer=false, sun.io.unicode.encoding=UnicodeLittle, hibernate.connection.datasource=org.springframework.jdbc.datasource.DriverManagerDataSource@6f8e8894, java.class.version=55.0}
11:55:37.576 [main] INFO org.hibernate.validator.internal.util.Version - HV000001: Hibernate Validator 6.0.17.Final
11:55:37.593 [main] DEBUG org.hibernate.validator.internal.engine.resolver.TraversableResolvers - Found javax.persistence.Persistence on classpath containing 'getPersistenceUtil'. Assuming JPA 2 environment. Trying to instantiate JPA aware TraversableResolver
11:55:37.594 [main] DEBUG org.hibernate.validator.internal.engine.resolver.TraversableResolvers - Instantiated JPA aware TraversableResolver of type org.hibernate.validator.internal.engine.resolver.JPATraversableResolver.
11:55:37.599 [main] DEBUG org.hibernate.validator.internal.xml.config.ValidationXmlParser - Trying to load META-INF/validation.xml for XML based Validator configuration.
11:55:37.600 [main] DEBUG org.hibernate.validator.internal.xml.config.ResourceLoaderHelper - Trying to load META-INF/validation.xml via TCCL
11:55:37.600 [main] DEBUG org.hibernate.validator.internal.xml.config.ResourceLoaderHelper - Trying to load META-INF/validation.xml via Hibernate Validator's class loader
11:55:37.601 [main] DEBUG org.hibernate.validator.internal.xml.config.ValidationXmlParser - No META-INF/validation.xml found. Using annotation based configuration only.
11:55:37.812 [main] DEBUG org.hibernate.validator.messageinterpolation.ResourceBundleMessageInterpolator - Loaded expression factory via original TCCL
11:55:37.818 [main] DEBUG org.hibernate.validator.internal.engine.ValidatorFactoryImpl - HV000234: Using org.hibernate.validator.messageinterpolation.ResourceBundleMessageInterpolator as ValidatorFactory-scoped message interpolator.
11:55:37.818 [main] DEBUG org.hibernate.validator.internal.engine.ValidatorFactoryImpl - HV000234: Using org.hibernate.validator.internal.engine.resolver.JPATraversableResolver as ValidatorFactory-scoped traversable resolver.
11:55:37.819 [main] DEBUG org.hibernate.validator.internal.engine.ValidatorFactoryImpl - HV000234: Using org.hibernate.validator.internal.util.ExecutableParameterNameProvider as ValidatorFactory-scoped parameter name provider.
11:55:37.819 [main] DEBUG org.hibernate.validator.internal.engine.ValidatorFactoryImpl - HV000234: Using org.hibernate.validator.internal.engine.DefaultClockProvider as ValidatorFactory-scoped clock provider.
11:55:37.819 [main] DEBUG org.hibernate.validator.internal.engine.ValidatorFactoryImpl - HV000234: Using org.hibernate.validator.internal.engine.scripting.DefaultScriptEvaluatorFactory as ValidatorFactory-scoped script evaluator factory.
11:55:37.821 [main] DEBUG org.hibernate.boot.internal.ClassLoaderAccessImpl - Not known whether passed class name [com.diana.model.Address] is safe
11:55:37.821 [main] DEBUG org.hibernate.boot.internal.ClassLoaderAccessImpl - No temp ClassLoader provided; using live ClassLoader for loading potentially unsafe class : com.diana.model.Address
11:55:37.887 [main] DEBUG org.hibernate.boot.internal.ClassLoaderAccessImpl - Not known whether passed class name [com.diana.model.Employee] is safe
11:55:37.887 [main] DEBUG org.hibernate.boot.internal.ClassLoaderAccessImpl - No temp ClassLoader provided; using live ClassLoader for loading potentially unsafe class : com.diana.model.Employee
11:55:37.894 [main] DEBUG org.hibernate.boot.internal.ClassLoaderAccessImpl - Not known whether passed class name [com.diana.model.Department] is safe
11:55:37.894 [main] DEBUG org.hibernate.boot.internal.ClassLoaderAccessImpl - No temp ClassLoader provided; using live ClassLoader for loading potentially unsafe class : com.diana.model.Department
11:55:37.904 [main] DEBUG org.hibernate.secure.spi.JaccIntegrator - Skipping JACC integration as it was not enabled
11:55:37.906 [main] DEBUG org.hibernate.internal.SessionFactoryImpl - Instantiated session factory
11:55:37.906 [main] DEBUG org.hibernate.type.spi.TypeConfiguration$Scope - Scoping TypeConfiguration [org.hibernate.type.spi.TypeConfiguration@127f9161] to SessionFactoryImpl [org.hibernate.internal.SessionFactoryImpl@550e9be6]
11:55:37.936 [main] WARN org.hibernate.orm.cache - HHH90001006: Missing cache[com.diana.model.Department] was created on-the-fly. The created cache will use a provider-specific default configuration: make sure you defined one. You can disable this warning by setting 'hibernate.cache.ehcache.missing_cache_strategy' to 'create'.
11:55:37.953 [main] WARN net.sf.ehcache.DiskStorePathManager - diskStorePath 'C:\Users\ishipitc\AppData\Local\Temp' is already used by an existing CacheManager either in the same VM or in a different process.
The diskStore path for this CacheManager will be set to C:\Users\ishipitc\AppData\Local\Temp\ehcache_auto_created17221218353735091608diskstore.
To avoid this warning consider using the CacheManager factory methods to create a singleton CacheManager or specifying a separate ehcache configuration (ehcache.xml) for each CacheManager instance.
11:55:37.953 [main] DEBUG net.sf.ehcache.DiskStorePathManager - Using diskstore path C:\Users\ishipitc\AppData\Local\Temp\ehcache_auto_created17221218353735091608diskstore
11:55:37.953 [main] DEBUG net.sf.ehcache.DiskStorePathManager - Holding exclusive lock on C:\Users\ishipitc\AppData\Local\Temp\ehcache_auto_created17221218353735091608diskstore\.ehcache-diskstore.lock
11:55:37.953 [main] DEBUG net.sf.ehcache.store.disk.DiskStorageFactory - Failed to delete file com%002ediana%002emodel%002e%0044epartment.data
11:55:37.954 [main] DEBUG net.sf.ehcache.store.disk.DiskStorageFactory - Failed to delete file com%002ediana%002emodel%002e%0044epartment.index
11:55:37.960 [main] DEBUG net.sf.ehcache.store.disk.DiskStorageFactory - Matching data file missing (or empty) for index file. Deleting index file C:\Users\ishipitc\AppData\Local\Temp\ehcache_auto_created17221218353735091608diskstore\com%002ediana%002emodel%002e%0044epartment.index
11:55:37.960 [main] DEBUG net.sf.ehcache.store.disk.DiskStorageFactory - Failed to delete file com%002ediana%002emodel%002e%0044epartment.index
11:55:38.007 [main] DEBUG net.sf.ehcache.statistics.extended.ExtendedStatisticsImpl - Mocking Pass-Through Statistic: LOCAL_OFFHEAP_SIZE
11:55:38.008 [main] DEBUG net.sf.ehcache.statistics.extended.ExtendedStatisticsImpl - Mocking Pass-Through Statistic: LOCAL_OFFHEAP_SIZE_BYTES
11:55:38.009 [main] DEBUG net.sf.ehcache.statistics.extended.ExtendedStatisticsImpl - Mocking Pass-Through Statistic: WRITER_QUEUE_LENGTH
11:55:38.010 [main] DEBUG net.sf.ehcache.statistics.extended.ExtendedStatisticsImpl - Mocking Pass-Through Statistic: REMOTE_SIZE
11:55:38.010 [main] DEBUG net.sf.ehcache.statistics.extended.ExtendedStatisticsImpl - Mocking Pass-Through Statistic: LAST_REJOIN_TIMESTAMP
11:55:38.024 [main] DEBUG net.sf.ehcache.statistics.extended.ExtendedStatisticsImpl - Mocking Operation Statistic: OFFHEAP_GET
11:55:38.026 [main] DEBUG net.sf.ehcache.statistics.extended.ExtendedStatisticsImpl - Mocking Operation Statistic: OFFHEAP_PUT
11:55:38.027 [main] DEBUG net.sf.ehcache.statistics.extended.ExtendedStatisticsImpl - Mocking Operation Statistic: OFFHEAP_REMOVE
[...]
11:56:08.171 [main] DEBUG org.dbunit.dataset.OrderedTableNameMap - getTableName(tableName=EMPLOYEES) - start
11:56:08.171 [main] DEBUG org.dbunit.dataset.OrderedTableNameMap - getTableName(tableName=EMPLOYEES) - end - result=EMPLOYEES
11:56:08.171 [main] DEBUG org.dbunit.dataset.CachedDataSet - startTable(metaData=tableName=addresses, columns=[(city, UNKNOWN, nullableUnknown), (street, UNKNOWN, nullableUnknown), (employee_id, UNKNOWN, nullableUnknown)], keys=[]) - start
11:56:08.171 [main] DEBUG org.dbunit.dataset.CachedDataSet - row(values=asd) - start
11:56:08.171 [main] DEBUG org.dbunit.dataset.DefaultTable - addRow(values=asd) - start
11:56:08.171 [main] DEBUG org.dbunit.dataset.CachedDataSet - row(values=asd) - start
11:56:08.171 [main] DEBUG org.dbunit.dataset.DefaultTable - addRow(values=asd) - start
11:56:08.171 [main] DEBUG org.dbunit.dataset.CachedDataSet - endTable() - start
11:56:08.171 [main] DEBUG org.dbunit.dataset.OrderedTableNameMap - getTableName(tableName=addresses) - start
11:56:08.171 [main] DEBUG org.dbunit.dataset.OrderedTableNameMap - getTableName(tableName=addresses) - end - result=ADDRESSES
11:56:08.171 [main] DEBUG org.dbunit.dataset.OrderedTableNameMap - add(tableName=addresses, object=org.dbunit.dataset.DefaultTable[_metaData=tableName=addresses, columns=[(city, UNKNOWN, nullableUnknown), (street, UNKNOWN, nullableUnknown), (employee_id, UNKNOWN, nullableUnknown)], keys=[], _rowList.size()=2]) - start
11:56:08.171 [main] DEBUG org.dbunit.dataset.OrderedTableNameMap - getTableName(tableName=addresses) - start
11:56:08.171 [main] DEBUG org.dbunit.dataset.OrderedTableNameMap - getTableName(tableName=addresses) - end - result=ADDRESSES
11:56:08.171 [main] DEBUG org.dbunit.dataset.OrderedTableNameMap - getTableName(tableName=ADDRESSES) - start
11:56:08.171 [main] DEBUG org.dbunit.dataset.OrderedTableNameMap - getTableName(tableName=ADDRESSES) - end - result=ADDRESSES
11:56:08.171 [main] DEBUG org.dbunit.dataset.CachedDataSet - endDataSet() - start
11:56:08.171 [main] DEBUG org.dbunit.dataset.CachedDataSet - endDataSet() - the final tableMap is: org.dbunit.dataset.OrderedTableNameMap[_tableNames=[departments, employees, addresses], _tableMap={EMPLOYEES=org.dbunit.dataset.DefaultTable[_metaData=tableName=employees, columns=[(id, UNKNOWN, nullableUnknown), (name, UNKNOWN, nullableUnknown), (phone, UNKNOWN, nullableUnknown), (department_id, UNKNOWN, nullableUnknown)], keys=[], _rowList.size()=2], ADDRESSES=org.dbunit.dataset.DefaultTable[_metaData=tableName=addresses, columns=[(city, UNKNOWN, nullableUnknown), (street, UNKNOWN, nullableUnknown), (employee_id, UNKNOWN, nullableUnknown)], keys=[], _rowList.size()=2], DEPARTMENTS=org.dbunit.dataset.DefaultTable[_metaData=tableName=departments, columns=[(id, UNKNOWN, nullableUnknown), (name, UNKNOWN, nullableUnknown)], keys=[], _rowList.size()=1]}, _caseSensitiveTableNames=false]
11:56:08.171 [main] DEBUG com.github.springtestdbunit.DbUnitTestExecutionListener - Veriftying @DatabaseTest expectation using initTestDB-addEmp-expected.xml
11:56:08.171 [main] DEBUG org.dbunit.database.AbstractDatabaseConnection - createDataSet() - start
11:56:08.171 [main] DEBUG org.dbunit.assertion.DbUnitAssert - assertEquals(expectedDataSet=AbstractDataSet[_orderedTableNameMap=org.dbunit.dataset.OrderedTableNameMap[_tableNames=[departments, employees, addresses], _tableMap={EMPLOYEES=org.dbunit.dataset.DefaultTable[_metaData=tableName=employees, columns=[(id, UNKNOWN, nullableUnknown), (name, UNKNOWN, nullableUnknown), (phone, UNKNOWN, nullableUnknown), (department_id, UNKNOWN, nullableUnknown)], keys=[], _rowList.size()=2], ADDRESSES=org.dbunit.dataset.DefaultTable[_metaData=tableName=addresses, columns=[(city, UNKNOWN, nullableUnknown), (street, UNKNOWN, nullableUnknown), (employee_id, UNKNOWN, nullableUnknown)], keys=[], _rowList.size()=2], DEPARTMENTS=org.dbunit.dataset.DefaultTable[_metaData=tableName=departments, columns=[(id, UNKNOWN, nullableUnknown), (name, UNKNOWN, nullableUnknown)], keys=[], _rowList.size()=1]}, _caseSensitiveTableNames=false]], actualDataSet=AbstractDataSet[_orderedTableNameMap=null]) - start
11:56:08.171 [main] DEBUG org.dbunit.assertion.DbUnitAssertBase - assertWithValueComparer(expectedDataSet=AbstractDataSet[_orderedTableNameMap=org.dbunit.dataset.OrderedTableNameMap[_tableNames=[departments, employees, addresses], _tableMap={EMPLOYEES=org.dbunit.dataset.DefaultTable[_metaData=tableName=employees, columns=[(id, UNKNOWN, nullableUnknown), (name, UNKNOWN, nullableUnknown), (phone, UNKNOWN, nullableUnknown), (department_id, UNKNOWN, nullableUnknown)], keys=[], _rowList.size()=2], ADDRESSES=org.dbunit.dataset.DefaultTable[_metaData=tableName=addresses, columns=[(city, UNKNOWN, nullableUnknown), (street, UNKNOWN, nullableUnknown), (employee_id, UNKNOWN, nullableUnknown)], keys=[], _rowList.size()=2], DEPARTMENTS=org.dbunit.dataset.DefaultTable[_metaData=tableName=departments, columns=[(id, UNKNOWN, nullableUnknown), (name, UNKNOWN, nullableUnknown)], keys=[], _rowList.size()=1]}, _caseSensitiveTableNames=false]], actualDataSet=AbstractDataSet[_orderedTableNameMap=null], failureHandler=null, defaultValueComparer=null, tableColumnValueComparers=null) - start
11:56:08.171 [main] DEBUG org.dbunit.assertion.DbUnitAssertBase - FailureHandler is null. Using default implementation
11:56:08.171 [main] DEBUG org.dbunit.assertion.DbUnitAssertBase - getSortedTableNames(dataSet=AbstractDataSet[_orderedTableNameMap=org.dbunit.dataset.OrderedTableNameMap[_tableNames=[departments, employees, addresses], _tableMap={EMPLOYEES=org.dbunit.dataset.DefaultTable[_metaData=tableName=employees, columns=[(id, UNKNOWN, nullableUnknown), (name, UNKNOWN, nullableUnknown), (phone, UNKNOWN, nullableUnknown), (department_id, UNKNOWN, nullableUnknown)], keys=[], _rowList.size()=2], ADDRESSES=org.dbunit.dataset.DefaultTable[_metaData=tableName=addresses, columns=[(city, UNKNOWN, nullableUnknown), (street, UNKNOWN, nullableUnknown), (employee_id, UNKNOWN, nullableUnknown)], keys=[], _rowList.size()=2], DEPARTMENTS=org.dbunit.dataset.DefaultTable[_metaData=tableName=departments, columns=[(id, UNKNOWN, nullableUnknown), (name, UNKNOWN, nullableUnknown)], keys=[], _rowList.size()=1]}, _caseSensitiveTableNames=false]]) - start
11:56:08.171 [main] DEBUG org.dbunit.dataset.AbstractDataSet - getTableNames() - start
11:56:08.171 [main] DEBUG org.dbunit.dataset.AbstractDataSet - initialize() - start
11:56:08.171 [main] DEBUG org.dbunit.dataset.AbstractDataSet - The table name map has already been initialized.
11:56:08.171 [main] DEBUG org.dbunit.assertion.DbUnitAssertBase - getSortedTableNames(dataSet=AbstractDataSet[_orderedTableNameMap=null]) - start
11:56:08.171 [main] DEBUG org.dbunit.database.DatabaseDataSet - initialize() - start
11:56:08.171 [main] DEBUG org.dbunit.assertion.DbUnitAssertBase - determineValidTableColumnValueComparers: using getDefaultTableColumnValueComparerMap()={} as tableColumnValueComparers=null
11:56:08.171 [main] DEBUG org.dbunit.dataset.AbstractDataSet - getTable(tableName=ADDRESSES) - start
11:56:08.171 [main] DEBUG org.dbunit.dataset.AbstractDataSet - initialize() - start
11:56:08.171 [main] DEBUG org.dbunit.dataset.AbstractDataSet - The table name map has already been initialized.
11:56:08.171 [main] DEBUG org.dbunit.dataset.OrderedTableNameMap - getTableName(tableName=ADDRESSES) - start
11:56:08.171 [main] DEBUG org.dbunit.dataset.OrderedTableNameMap - getTableName(tableName=ADDRESSES) - end - result=ADDRESSES
11:56:08.171 [main] DEBUG org.dbunit.database.DatabaseDataSet - getTable(tableName=ADDRESSES) - start
11:56:08.171 [main] DEBUG org.dbunit.database.DatabaseDataSet - initialize() - start
11:56:08.171 [main] DEBUG org.dbunit.database.DatabaseDataSet - getTableMetaData(tableName=ADDRESSES) - start
11:56:08.171 [main] DEBUG org.dbunit.database.DatabaseDataSet - initialize() - start
11:56:08.171 [main] DEBUG org.dbunit.dataset.OrderedTableNameMap - getTableName(tableName=ADDRESSES) - start
11:56:08.171 [main] DEBUG org.dbunit.dataset.OrderedTableNameMap - getTableName(tableName=ADDRESSES) - end - result=ADDRESSES
11:56:08.171 [main] DEBUG org.dbunit.dataset.OrderedTableNameMap - getTableName(tableName=ADDRESSES) - start
11:56:08.171 [main] DEBUG org.dbunit.dataset.OrderedTableNameMap - getTableName(tableName=ADDRESSES) - end - result=ADDRESSES
11:56:08.171 [main] DEBUG org.dbunit.database.DatabaseDataSourceConnection - getConnection() - start
11:56:08.172 [main] DEBUG org.dbunit.database.DatabaseConfig$Configurator - Statement fetch size set to 100
11:56:08.172 [main] DEBUG org.dbunit.database.DatabaseDataSet - getSelectStatement(schema=null, metaData=table=ADDRESSES, cols=[(CITY, VARCHAR, nullable), (STREET, VARCHAR, nullable), (EMPLOYEE_ID, BIGINT, noNulls)], pk=[(EMPLOYEE_ID, BIGINT, noNulls)], escapePattern=null) - start
11:56:08.172 [main] DEBUG org.dbunit.database.DatabaseTableMetaData - getColumns() - start
11:56:08.172 [main] DEBUG org.dbunit.database.DatabaseTableMetaData - getPrimaryKeys() - start
11:56:08.172 [main] DEBUG org.dbunit.util.QualifiedTableName - getQualifiedName() - start
11:56:08.172 [main] DEBUG org.dbunit.util.QualifiedTableName - getQualifiedName(prefix=null, name=CITY, escapePattern=null) - start
11:56:08.172 [main] DEBUG org.dbunit.util.QualifiedTableName - getQualifiedName() - start
11:56:08.172 [main] DEBUG org.dbunit.util.QualifiedTableName - getQualifiedName(prefix=null, name=STREET, escapePattern=null) - start
11:56:08.172 [main] DEBUG org.dbunit.util.QualifiedTableName - getQualifiedName() - start
11:56:08.172 [main] DEBUG org.dbunit.util.QualifiedTableName - getQualifiedName(prefix=null, name=EMPLOYEE_ID, escapePattern=null) - start
11:56:08.172 [main] DEBUG org.dbunit.util.QualifiedTableName - getQualifiedName() - start
11:56:08.172 [main] DEBUG org.dbunit.util.QualifiedTableName - getQualifiedName(prefix=null, name=ADDRESSES, escapePattern=null) - start
11:56:08.172 [main] DEBUG org.dbunit.util.QualifiedTableName - getQualifiedName() - start
11:56:08.172 [main] DEBUG org.dbunit.util.QualifiedTableName - getQualifiedName(prefix=null, name=EMPLOYEE_ID, escapePattern=null) - start
11:56:08.172 [main] DEBUG org.dbunit.database.AbstractResultSetTable - Query: select CITY, STREET, EMPLOYEE_ID from ADDRESSES order by EMPLOYEE_ID
11:56:08.172 [main] DEBUG org.dbunit.dataset.DefaultTable - addTableRows(table=org.dbunit.database.ForwardOnlyResultSetTable[_metaData=[table=ADDRESSES, cols=[(CITY, VARCHAR, nullable), (STREET, VARCHAR, nullable), (EMPLOYEE_ID, BIGINT, noNulls)], pk=[(EMPLOYEE_ID, BIGINT, noNulls)]], _resultSet=[rs52: org.h2.result.LocalResultImpl@44106e25 columns: 3 rows: 1 pos: -1], _statement=[stat8]], org.dbunit.database.ForwardOnlyResultSetTable[_eot=[false], _lastRow=[-1]]) - start
11:56:08.172 [main] DEBUG org.dbunit.database.DatabaseTableMetaData - getColumns() - start
11:56:08.172 [main] DEBUG org.dbunit.database.ForwardOnlyResultSetTable - getValue(row=0, columnName=CITY) - start
11:56:08.172 [main] DEBUG org.dbunit.dataset.AbstractTable - getColumnIndex(columnName=CITY) - start
11:56:08.172 [main] DEBUG org.dbunit.dataset.AbstractTableMetaData - getColumnIndex(columnName=CITY) - start
11:56:08.172 [main] DEBUG org.dbunit.database.DatabaseTableMetaData - getColumns() - start
11:56:08.172 [main] DEBUG org.dbunit.dataset.datatype.StringDataType - getSqlValue(column=1, resultSet=rs52: org.h2.result.LocalResultImpl@44106e25 columns: 3 rows: 1 pos: 0) - start
11:56:08.172 [main] DEBUG org.dbunit.database.ForwardOnlyResultSetTable - getValue(row=0, columnName=STREET) - start
11:56:08.172 [main] DEBUG org.dbunit.dataset.AbstractTable - getColumnIndex(columnName=STREET) - start
11:56:08.172 [main] DEBUG org.dbunit.dataset.AbstractTableMetaData - getColumnIndex(columnName=STREET) - start
11:56:08.172 [main] DEBUG org.dbunit.database.DatabaseTableMetaData - getColumns() - start
11:56:08.172 [main] DEBUG org.dbunit.dataset.datatype.StringDataType - getSqlValue(column=2, resultSet=rs52: org.h2.result.LocalResultImpl@44106e25 columns: 3 rows: 1 pos: 0) - start
11:56:08.172 [main] DEBUG org.dbunit.database.ForwardOnlyResultSetTable - getValue(row=0, columnName=EMPLOYEE_ID) - start
11:56:08.172 [main] DEBUG org.dbunit.dataset.AbstractTable - getColumnIndex(columnName=EMPLOYEE_ID) - start
11:56:08.172 [main] DEBUG org.dbunit.dataset.AbstractTableMetaData - getColumnIndex(columnName=EMPLOYEE_ID) - start
11:56:08.172 [main] DEBUG org.dbunit.database.DatabaseTableMetaData - getColumns() - start
11:56:08.172 [main] DEBUG org.dbunit.dataset.datatype.BigIntegerDataType - getSqlValue(column=3, resultSet=rs52: org.h2.result.LocalResultImpl@44106e25 columns: 3 rows: 1 pos: 0) - start
11:56:08.172 [main] DEBUG org.dbunit.database.ForwardOnlyResultSetTable - getValue(row=1, columnName=CITY) - start
11:56:08.172 [main] DEBUG org.dbunit.assertion.DbUnitAssertBase - assertWithValueComparer: expectedTable=org.dbunit.dataset.DefaultTable[_metaData=tableName=addresses, columns=[(city, UNKNOWN, nullableUnknown), (street, UNKNOWN, nullableUnknown), (employee_id, UNKNOWN, nullableUnknown)], keys=[], _rowList.size()=2]
11:56:08.172 [main] DEBUG org.dbunit.assertion.DbUnitAssertBase - assertWithValueComparer: actualTable=org.dbunit.database.CachedResultSetTable[_metaData=table=ADDRESSES, cols=[(CITY, VARCHAR, nullable), (STREET, VARCHAR, nullable), (EMPLOYEE_ID, BIGINT, noNulls)], pk=[(EMPLOYEE_ID, BIGINT, noNulls)], _rowList.size()=1]
11:56:08.172 [main] DEBUG org.dbunit.assertion.DbUnitAssertBase - assertWithValueComparer: failureHandler=org.dbunit.assertion.DefaultFailureHandler[_additionalColumnInfo=null]
11:56:08.172 [main] DEBUG org.dbunit.assertion.DbUnitAssertBase - assertWithValueComparer: defaultValueComparer=null
11:56:08.172 [main] DEBUG org.dbunit.assertion.DbUnitAssertBase - assertWithValueComparer: columnValueComparers=null
11:56:08.172 [main] ERROR org.dbunit.assertion.DbUnitAssertBase - junit.framework.ComparisonFailure: row count (table=addresses) expected:<[2]> but was:<[1]>
11:56:08.173 [main] DEBUG org.dbunit.database.DatabaseDataSourceConnection - close() - start
11:56:08.173 [main] WARN org.springframework.test.context.TestContextManager - Caught exception while invoking 'afterTestMethod' callback on TestExecutionListener [com.github.springtestdbunit.DbUnitTestExecutionListener@5e82df6a] for test method [public void com.diana.integration.IntTest.test_goToNewEmp_thenCreateEmp_thenGoBack() throws java.lang.Exception] and test instance [com.diana.integration.IntTest@2cacb445]
junit.framework.ComparisonFailure: row count (table=addresses) expected:<[2]> but was:<[1]>
	at org.dbunit.assertion.JUnitFailureFactory.createFailure(JUnitFailureFactory.java:39)
	at org.dbunit.assertion.DefaultFailureHandler.createFailure(DefaultFailureHandler.java:105)
	at org.dbunit.assertion.DbUnitAssertBase.compareRowCounts(DbUnitAssertBase.java:171)
	at org.dbunit.assertion.DbUnitAssertBase.assertWithValueComparer(DbUnitAssertBase.java:417)
	at org.dbunit.assertion.DbUnitAssertBase.compareTables(DbUnitAssertBase.java:346)
	at org.dbunit.assertion.DbUnitAssertBase.assertWithValueComparer(DbUnitAssertBase.java:321)
	at org.dbunit.assertion.DbUnitAssert.assertEquals(DbUnitAssert.java:199)
	at org.dbunit.assertion.DbUnitAssert.assertEquals(DbUnitAssert.java:186)
	at org.dbunit.Assertion.assertEquals(Assertion.java:119)
	at com.github.springtestdbunit.assertion.DefaultDatabaseAssertion.assertEquals(DefaultDatabaseAssertion.java:37)
	at com.github.springtestdbunit.DbUnitRunner.verifyExpected(DbUnitRunner.java:154)
	at com.github.springtestdbunit.DbUnitRunner.verifyExpected(DbUnitRunner.java:120)
	at com.github.springtestdbunit.DbUnitRunner.afterTestMethod(DbUnitRunner.java:86)
	at com.github.springtestdbunit.DbUnitTestExecutionListener.afterTestMethod(DbUnitTestExecutionListener.java:190)
	at org.springframework.test.context.TestContextManager.afterTestMethod(TestContextManager.java:443)
	at org.springframework.test.context.junit4.statements.RunAfterTestMethodCallbacks.evaluate(RunAfterTestMethodCallbacks.java:94)
	at org.springframework.test.context.junit4.statements.SpringRepeat.evaluate(SpringRepeat.java:84)
	at org.junit.runners.ParentRunner.runLeaf(ParentRunner.java:325)
	at org.springframework.test.context.junit4.SpringJUnit4ClassRunner.runChild(SpringJUnit4ClassRunner.java:251)
	at org.springframework.test.context.junit4.SpringJUnit4ClassRunner.runChild(SpringJUnit4ClassRunner.java:97)
	at org.junit.runners.ParentRunner$3.run(ParentRunner.java:290)
	at org.junit.runners.ParentRunner$1.schedule(ParentRunner.java:71)
	at org.junit.runners.ParentRunner.runChildren(ParentRunner.java:288)
	at org.junit.runners.ParentRunner.access$000(ParentRunner.java:58)
	at org.junit.runners.ParentRunner$2.evaluate(ParentRunner.java:268)
	at org.springframework.test.context.junit4.statements.RunBeforeTestClassCallbacks.evaluate(RunBeforeTestClassCallbacks.java:61)
	at org.springframework.test.context.junit4.statements.RunAfterTestClassCallbacks.evaluate(RunAfterTestClassCallbacks.java:70)
	at org.junit.runners.ParentRunner.run(ParentRunner.java:363)
	at org.springframework.test.context.junit4.SpringJUnit4ClassRunner.run(SpringJUnit4ClassRunner.java:190)
	at org.apache.maven.surefire.junit4.JUnit4Provider.execute(JUnit4Provider.java:365)
	at org.apache.maven.surefire.junit4.JUnit4Provider.executeWithRerun(JUnit4Provider.java:273)
	at org.apache.maven.surefire.junit4.JUnit4Provider.executeTestSet(JUnit4Provider.java:238)
	at org.apache.maven.surefire.junit4.JUnit4Provider.invoke(JUnit4Provider.java:159)
	at org.apache.maven.surefire.booter.ForkedBooter.invokeProviderInSameClassLoader(ForkedBooter.java:384)
	at org.apache.maven.surefire.booter.ForkedBooter.runSuitesInProcess(ForkedBooter.java:345)
	at org.apache.maven.surefire.booter.ForkedBooter.execute(ForkedBooter.java:126)
	at org.apache.maven.surefire.booter.ForkedBooter.main(ForkedBooter.java:418)
11:56:08.173 [main] DEBUG org.springframework.test.context.support.AbstractDirtiesContextTestExecutionListener - After test method: context [DefaultTestContext@243c4f91 testClass = IntTest, testInstance = com.diana.integration.IntTest@2cacb445, testMethod = test_goToNewEmp_thenCreateEmp_thenGoBack@IntTest, testException = [null], mergedContextConfiguration = [MergedContextConfiguration@61df66b6 testClass = IntTest, locations = '{}', classes = '{class com.diana.config.IntTestConfig}', contextInitializerClasses = '[]', activeProfiles = '{test}', propertySourceLocations = '{}', propertySourceProperties = '{}', contextCustomizers = set[[empty]], contextLoader = 'org.springframework.test.context.support.DelegatingSmartContextLoader', parent = [null]], attributes = map['com.github.springtestdbunit.DbUnitTestExecutionListener.connection' -> com.github.springtestdbunit.DatabaseConnections@57a5b03, 'com.github.springtestdbunit.DbUnitTestExecutionListener.databseOperationLookup' -> com.github.springtestdbunit.operation.DefaultDatabaseOperationLookup@5649f55, 'com.github.springtestdbunit.DbUnitTestExecutionListener.dataSetLoader' -> com.github.springtestdbunit.dataset.FlatXmlDataSetLoader@558127d2]], class annotated with @DirtiesContext [false] with mode [null], method annotated with @DirtiesContext [false] with mode [null].
]]></system-out>
    <system-err><![CDATA[Starting ChromeDriver 77.0.3865.40 (f484704e052e0b556f8030b65b953dce96503217-refs/branch-heads/3865@{#442}) on port 45872
Only local connections are allowed.
Please protect ports used by ChromeDriver and related test frameworks to prevent access by malicious code.
[1571648156.629][WARNING]: Timed out connecting to Chrome, retrying...
окт. 21, 2019 11:55:58 AM org.openqa.selenium.remote.ProtocolHandshake createSession
INFO: Detected dialect: W3C
[1571648160.657][WARNING]: Timed out connecting to Chrome, retrying...
]]></system-err>
  </testcase>
  <testcase name="testEmployeeRender" classname="com.diana.integration.IntTest" time="12.323"/>
</testsuite>